68.5985
1 0
2 0
3 0
4 0
1 0
2 0
6 0
3 0
7 0
8 0
4 0
9 0
10 124
5 94
11 124
6 94
12 124
7 94
13 124
8 94
14 124
9 94
16 124
11 94
17 124
12 94
18 124
13 94
19 124
14 94
20 67
21 67
22 67
23 67
24 67
15 112
26 67
16 112
27 67
28 67
17 112
18 112
29 67
19 112
21 112
22 112
23 112
24 112
30 81
31 81
32 81
33 81
34 81
36 81
25 75
37 81
26 75
38 81
27 75
39 81
28 75
29 75
31 75
32 75
33 75
34 75
40 107
41 107
42 107
43 107
44 107
46 107
35 105
47 107
36 105
48 107
37 105
49 107
38 105
39 105
41 105
42 105
43 105
44 105
50 89
51 89
52 89
53 89
54 89
56 89
45 87
57 89
46 87
58 89
59 89
47 87
48 87
49 87
51 87
52 87
53 87
54 87
60 112
61 112
62 112
63 112
64 112
66 112
55 81
67 112
68 112
56 81
69 112
57 81
58 81
59 81
61 81
62 81
63 81
64 81
70 39
71 39
72 39
73 39
74 39
76 39
65 37
77 39
66 37
78 39
67 37
79 39
68 37
69 37
71 37
72 37
73 37
74 37
80 55
81 55
82 55
83 55
84 55
75 43
86 55
76 43
87 55
77 43
88 55
78 43
89 55
79 43
81 43
82 43
83 43
84 43
90 104
91 104
92 104
93 104
94 104
85 94
96 104
86 94
97 104
87 94
98 104
88 94
99 104
89 94
91 94
92 94
93 94
94 94
100 113
101 113
102 113
103 113
104 113
95 93
106 113
96 93
107 113
97 93
108 113
98 93
109 113
99 93
101 93
102 93
103 93
104 93
110 138
111 138
112 138
113 138
114 138
105 147
116 138
117 138
106 147
118 138
107 147
119 138
108 147
109 147
111 147
112 147
113 147
114 147
120 149
121 149
122 149
123 149
124 149
126 149
115 144
127 149
116 144
128 149
117 144
129 149
118 144
119 144
121 144
122 144
123 144
124 144
130 131
131 131
132 131
133 131
134 131
125 113
136 131
137 131
126 113
138 131
127 113
139 131
128 113
129 113
131 113
132 113
133 113
134 113
140 112
141 112
142 112
143 112
144 112
146 112
147 112
135 144
148 112
136 144
149 112
137 144
138 144
139 144
141 144
142 144
143 144
144 144
150 92
151 92
152 92
153 92
154 92
156 92
157 92
145 69
158 92
159 92
146 69
147 69
148 69
149 69
151 69
152 69
153 69
154 69
160 86
161 86
162 86
163 86
164 86
166 86
167 86
168 86
169 86
155 112
156 112
157 112
158 112
159 112
161 112
162 112
163 112
164 112
170 46
171 46
172 46
173 46
174 46
176 46
177 46
178 46
179 46
165 83
166 83
167 83
168 83
169 83
171 83
172 83
173 83
174 83
180 64
181 64
182 64
183 64
184 64
186 64
187 64
188 64
189 64
175 66
176 66
177 66
178 66
179 66
181 66
182 66
183 66
184 66
190 20
191 20
192 20
193 20
194 20
196 20
197 20
198 20
199 20
185 37
186 37
187 37
188 37
189 37
191 37
192 37
193 37
194 37
200 18
201 18
202 18
203 18
204 18
206 18
207 18
208 18
209 18
195 9
196 9
197 9
198 9
199 9
201 9
202 9
203 9
204 9
210 23
211 23
212 23
213 23
214 23
216 23
217 23
218 23
219 23
205 25
206 25
207 25
208 25
209 25
211 25
212 25
213 25
214 25
220 26
221 26
222 26
223 26
224 26
226 26
227 26
228 26
229 26
215 24
216 24
217 24
218 24
219 24
221 24
222 24
223 24
224 24
230 31
231 31
232 31
233 31
234 31
236 31
237 31
238 31
239 31
225 8
226 8
227 8
228 8
229 8
231 8
232 8
233 8
234 8
240 16
241 16
242 16
243 16
244 16
246 16
247 16
248 16
249 16
235 12
236 12
237 12
238 12
239 12
241 12
242 12
243 12
244 12
250 28
251 28
252 28
253 28
254 28
256 28
257 28
258 28
259 28
245 11
246 11
247 11
248 11
249 11
251 11
252 11
253 11
254 11
260 25
261 25
262 25
263 25
264 25
266 25
267 25
268 25
269 25
255 25
256 25
257 25
258 25
259 25
261 25
262 25
263 25
264 25
270 49
271 49
272 49
273 49
274 49
276 49
277 49
278 49
279 49
265 35
266 35
267 35
268 35
269 35
271 35
272 35
273 35
274 35
280 63
281 63
282 63
283 63
284 63
286 63
287 63
288 63
289 63
275 47
276 47
277 47
278 47
279 47
281 47
282 47
283 47
284 47
290 45
291 45
292 45
293 45
294 45
296 45
297 45
298 45
299 45
285 51
286 51
287 51
288 51
289 51
291 51
292 51
293 51
294 51
300 43
301 43
302 43
303 43
304 43
306 43
307 43
308 43
309 43
295 40
296 40
297 40
298 40
299 40
301 40
302 40
303 40
304 40
310 50
311 50
312 50
313 50
314 50
316 50
317 50
318 50
319 50
305 45
306 45
307 45
308 45
309 45
311 45
312 45
313 45
314 45
320 19
321 19
322 19
323 19
324 19
326 19
327 19
328 19
329 19
315 19
316 19
317 19
318 19
319 19
321 19
322 19
323 19
324 19
330 31
331 31
332 31
333 31
334 31
336 31
337 31
338 31
339 31
325 24
326 24
327 24
328 24
329 24
331 24
332 24
333 24
334 24
340 23
341 23
342 23
343 23
344 23
346 23
347 23
348 23
349 23
335 24
336 24
337 24
338 24
339 24
341 24
342 24
343 24
344 24
350 22
351 22
352 22
353 22
354 22
356 22
357 22
358 22
359 22
345 22
346 22
347 22
348 22
349 22
351 22
352 22
353 22
354 22
360 44
361 44
362 44
363 44
364 44
366 44
367 44
368 44
369 44
355 25
356 25
357 25
358 25
359 25
361 25
362 25
363 25
364 25
370 74
371 74
372 74
373 74
374 74
376 74
377 74
378 74
379 74
365 53
366 53
367 53
368 53
369 53
371 53
372 53
373 53
374 53
380 113
381 113
382 113
383 113
384 113
386 113
387 113
388 113
389 113
375 83
376 83
377 83
378 83
379 83
381 83
382 83
383 83
384 83
390 142
391 142
392 142
393 142
394 142
396 142
397 142
398 142
399 142
385 118
386 118
387 118
388 118
389 118
391 118
392 118
393 118
394 118
400 171
401 171
402 171
403 171
404 171
406 171
407 171
408 171
409 171
395 153
396 153
397 153
398 153
399 153
401 153
402 153
403 153
404 153
410 230
411 230
412 230
413 230
414 230
416 230
417 230
418 230
419 230
405 167
406 167
407 167
408 167
409 167
411 167
412 167
413 167
414 167
420 229
421 229
422 229
423 229
424 229
426 229
427 229
428 229
429 229
415 227
416 227
417 227
418 227
419 227
421 227
422 227
423 227
424 227
430 271
431 271
432 271
433 271
434 271
436 271
437 271
438 271
439 271
425 177
426 177
427 177
428 177
429 177
431 177
432 177
433 177
434 177
440 283
441 283
442 283
443 283
444 283
446 283
447 283
448 283
449 283
435 300
436 300
437 300
438 300
439 300
441 300
442 300
443 300
444 300
450 239
451 239
452 239
453 239
454 239
456 239
457 239
458 239
459 239
445 275
446 275
447 275
448 275
449 275
451 275
452 275
453 275
454 275
460 30
461 30
462 30
463 30
464 30
466 30
467 30
468 30
469 30
455 244
456 244
457 244
458 244
459 244
461 244
462 244
463 244
464 244
470 61
471 61
472 61
473 61
474 61
476 61
477 61
478 61
479 61
465 21
466 21
467 21
468 21
469 21
471 21
472 21
473 21
474 21
480 101
481 101
482 101
483 101
484 101
486 101
487 101
488 101
489 101
475 91
476 91
477 91
478 91
479 91
481 91
482 91
483 91
484 91
490 80
491 80
492 80
493 80
494 80
496 80
497 80
498 80
499 80
485 100
486 100
487 100
488 100
489 100
491 100
492 100
493 100
494 100
500 101
501 101
502 101
503 101
504 101
506 101
507 101
508 101
509 101
495 104
496 104
497 104
498 104
499 104
501 104
502 104
503 104
504 104
510 86
511 86
512 86
513 86
514 86
516 86
517 86
518 86
519 86
505 104
506 104
507 104
508 104
509 104
511 104
512 104
513 104
514 104
520 103
521 103
522 103
523 103
524 103
526 103
527 103
528 103
529 103
515 95
516 95
517 95
518 95
519 95
521 95
522 95
523 95
524 95
530 17
531 17
532 17
533 17
534 17
536 17
537 17
538 17
539 17
525 196
526 196
527 196
528 196
529 196
531 196
532 196
533 196
534 196
540 39
541 39
542 39
543 39
544 39
546 39
547 39
548 39
549 39
535 30
536 30
537 30
538 30
539 30
541 30
542 30
543 30
544 30
550 54
551 54
552 54
553 54
554 54
556 54
557 54
558 54
559 54
545 59
546 59
547 59
548 59
549 59
551 59
552 59
553 59
554 59
560 85
561 85
562 85
563 85
564 85
566 85
567 85
568 85
569 85
555 74
556 74
557 74
558 74
559 74
561 74
562 74
563 74
564 74
570 82
571 82
572 82
573 82
574 82
576 82
577 82
578 82
579 82
565 80
566 80
567 80
568 80
569 80
571 80
572 80
573 80
574 80
580 106
581 106
582 106
583 106
584 106
586 106
587 106
588 106
589 106
575 85
576 85
577 85
578 85
579 85
581 85
582 85
583 85
584 85
590 122
591 122
592 122
593 122
594 122
596 122
597 122
598 122
599 122
585 111
586 111
587 111
588 111
589 111
591 111
592 111
593 111
594 111
600 64
601 64
602 64
603 64
604 64
606 64
607 64
608 64
609 64
595 79
596 79
597 79
598 79
599 79
601 79
602 79
603 79
604 79
610 67
611 67
612 67
613 67
614 67
616 67
617 67
618 67
619 67
605 69
606 69
607 69
608 69
609 69
611 69
612 69
613 69
614 69
620 86
621 86
622 86
623 86
624 86
626 86
627 86
628 86
629 86
615 85
616 85
617 85
618 85
619 85
621 85
622 85
623 85
624 85
630 82
631 82
632 82
633 82
634 82
636 82
637 82
638 82
639 82
625 85
626 85
627 85
628 85
629 85
631 85
632 85
633 85
634 85
640 85
641 85
642 85
643 85
644 85
646 85
647 85
648 85
649 85
635 7
636 7
637 7
638 7
639 7
641 7
642 7
643 7
644 7
650 94
651 94
652 94
653 94
654 94
656 94
657 94
658 94
659 94
645 85
646 85
647 85
648 85
649 85
651 85
652 85
653 85
654 85
660 88
661 88
662 88
663 88
664 88
666 88
667 88
668 88
669 88
655 64
656 64
657 64
658 64
659 64
661 64
662 64
663 64
664 64
670 92
671 92
672 92
673 92
674 92
676 92
677 92
678 92
679 92
665 56
666 56
667 56
668 56
669 56
671 56
672 56
673 56
674 56
680 60
681 60
682 60
683 60
684 60
686 60
687 60
688 60
689 60
675 83
676 83
677 83
678 83
679 83
681 83
682 83
683 83
684 83
690 19
691 19
692 19
693 19
694 19
696 19
697 19
698 19
699 19
685 18
686 18
687 18
688 18
689 18
691 18
692 18
693 18
694 18
700 96
701 96
702 96
703 96
704 96
706 96
707 96
708 96
709 96
695 54
696 54
697 54
698 54
699 54
701 54
702 54
703 54
704 54
710 13
711 13
712 13
713 13
714 13
716 13
717 13
718 13
719 13
705 33
706 33
707 33
708 33
709 33
711 33
712 33
713 33
714 33
720 41
721 41
722 41
723 41
724 41
726 41
727 41
728 41
729 41
715 45
716 45
717 45
718 45
719 45
721 45
722 45
723 45
724 45
730 18
731 18
732 18
733 18
734 18
736 18
737 18
738 18
739 18
725 14
726 14
727 14
728 14
729 14
731 14
732 14
733 14
734 14
740 27
741 27
742 27
743 27
744 27
746 27
747 27
748 27
749 27
735 17
736 17
737 17
738 17
739 17
741 17
742 17
743 17
744 17
750 35
751 35
752 35
753 35
754 35
756 35
757 35
758 35
759 35
745 33
746 33
747 33
748 33
749 33
751 33
752 33
753 33
754 33
760 66
761 66
762 66
763 66
764 66
766 66
767 66
768 66
769 66
755 47
756 47
757 47
758 47
759 47
761 47
762 47
763 47
764 47
770 18
771 18
772 18
773 18
774 18
776 18
777 18
778 18
779 18
765 26
766 26
767 26
768 26
769 26
771 26
772 26
773 26
774 26
780 26
781 26
782 26
783 26
784 26
786 26
787 26
788 26
789 26
775 23
776 23
777 23
778 23
779 23
781 23
782 23
783 23
784 23
790 11
791 11
792 11
793 11
794 11
796 11
797 11
798 11
799 11
785 21
786 21
787 21
788 21
789 21
791 21
792 21
793 21
794 21
800 24
801 24
802 24
803 24
804 24
806 24
807 24
808 24
809 24
795 18
796 18
797 18
798 18
799 18
801 18
802 18
803 18
804 18
810 34
811 34
812 34
813 34
814 34
816 34
817 34
818 34
819 34
805 32
806 32
807 32
808 32
809 32
811 32
812 32
813 32
814 32
820 5
821 5
822 5
823 5
824 5
826 5
827 5
828 5
829 5
815 24
816 24
817 24
818 24
819 24
821 24
822 24
823 24
824 24
830 21
831 21
832 21
833 21
834 21
836 21
837 21
838 21
839 21
825 20
826 20
827 20
828 20
829 20
831 20
832 20
833 20
834 20
840 21
841 21
842 21
843 21
844 21
846 21
847 21
848 21
849 21
835 19
836 19
837 19
838 19
839 19
841 19
842 19
843 19
844 19
850 17
851 17
852 17
853 17
854 17
856 17
857 17
858 17
859 17
845 17
846 17
847 17
848 17
849 17
851 17
852 17
853 17
854 17
860 63
861 63
862 63
863 63
864 63
866 63
867 63
868 63
869 63
855 9
856 9
857 9
858 9
859 9
861 9
862 9
863 9
864 9
870 19
871 19
872 19
873 19
874 19
876 19
877 19
878 19
879 19
865 14
866 14
867 14
868 14
869 14
871 14
872 14
873 14
874 14
880 23
881 23
882 23
883 23
884 23
886 23
887 23
888 23
889 23
875 21
876 21
877 21
878 21
879 21
881 21
882 21
883 21
884 21
890 19
891 19
892 19
893 19
894 19
896 19
897 19
898 19
899 19
885 33
886 33
887 33
888 33
889 33
891 33
892 33
893 33
894 33
900 16
901 16
902 16
903 16
904 16
906 16
907 16
908 16
909 16
895 26
896 26
897 26
898 26
899 26
901 26
902 26
903 26
904 26
910 32
911 32
912 32
913 32
914 32
916 32
917 32
918 32
919 32
905 14
906 14
907 14
908 14
909 14
911 14
912 14
913 14
914 14
920 12
921 12
922 12
923 12
924 12
926 12
927 12
928 12
929 12
915 32
916 32
917 32
918 32
919 32
921 32
922 32
923 32
924 32
930 27
931 27
932 27
933 27
934 27
936 27
937 27
938 27
939 27
925 13
926 13
927 13
928 13
929 13
931 13
932 13
933 13
934 13
940 32
941 32
942 32
943 32
944 32
946 32
947 32
948 32
949 32
935 29
936 29
937 29
938 29
939 29
941 29
942 29
943 29
944 29
950 32
951 32
952 32
953 32
954 32
956 32
957 32
958 32
959 32
945 28
946 28
947 28
948 28
949 28
951 28
952 28
953 28
954 28
960 31
961 31
962 31
963 31
964 31
966 31
967 31
968 31
969 31
955 35
956 35
957 35
958 35
959 35
961 35
962 35
963 35
964 35
970 26
971 26
972 26
973 26
974 26
976 26
977 26
978 26
979 26
965 29
966 29
967 29
968 29
969 29
971 29
972 29
973 29
974 29
980 24
981 24
982 24
983 24
984 24
986 24
987 24
988 24
989 24
975 24
976 24
977 24
978 24
979 24
981 24
982 24
983 24
984 24
990 27
991 27
992 27
993 27
994 27
996 27
997 27
998 27
999 27
985 21
986 21
987 21
988 21
989 21
991 21
992 21
993 21
994 21
1000 45
1001 45
1002 45
1003 45
1004 45
1006 45
1007 45
1008 45
1009 45
995 19
996 19
997 19
998 19
999 19
1001 19
1002 19
1003 19
1004 19
1010 16
1011 16
1012 16
1013 16
1014 16
1016 16
1017 16
1018 16
1019 16
1005 39
1006 39
1007 39
1008 39
1009 39
1011 39
1012 39
1013 39
1014 39
1020 25
1021 25
1022 25
1023 25
1024 25
1026 25
1027 25
1028 25
1029 25
1015 27
1016 27
1017 27
1018 27
1019 27
1021 27
1022 27
1023 27
1024 27
1030 37
1031 37
1032 37
1033 37
1034 37
1036 37
1037 37
1038 37
1039 37
1025 37
1026 37
1027 37
1028 37
1029 37
1031 37
1032 37
1033 37
1034 37
1040 31
1041 31
1042 31
1043 31
1044 31
1046 31
1047 31
1048 31
1049 31
1035 29
1036 29
1037 29
1038 29
1039 29
1041 29
1042 29
1043 29
1044 29
1050 20
1051 20
1052 20
1053 20
1054 20
1056 20
1057 20
1058 20
1059 20
1045 30
1046 30
1047 30
1048 30
1049 30
1051 30
1052 30
1053 30
1054 30
1060 21
1061 21
1062 21
1063 21
1064 21
1066 21
1067 21
1068 21
1069 21
1055 23
1056 23
1057 23
1058 23
1059 23
1061 23
1062 23
1063 23
1064 23
1070 29
1071 29
1072 29
1073 29
1074 29
1076 29
1077 29
1078 29
1079 29
1065 25
1066 25
1067 25
1068 25
1069 25
1071 25
1072 25
1073 25
1074 25
1080 23
1081 23
1082 23
1083 23
1084 23
1086 23
1087 23
1088 23
1089 23
1075 40
1076 40
1077 40
1078 40
1079 40
1081 40
1082 40
1083 40
1084 40
1090 29
1091 29
1092 29
1093 29
1094 29
1096 29
1097 29
1098 29
1099 29
1085 25
1086 25
1087 25
1088 25
1089 25
1091 25
1092 25
1093 25
1094 25
1100 29
1101 29
1102 29
1103 29
1104 29
1106 29
1107 29
1108 29
1109 29
1095 29
1096 29
1097 29
1098 29
1099 29
1101 29
1102 29
1103 29
1104 29
1110 25
1111 25
1112 25
1113 25
1114 25
1116 25
1117 25
1118 25
1119 25
1105 23
1106 23
1107 23
1108 23
1109 23
1111 23
1112 23
1113 23
1114 23
1120 23
1121 23
1122 23
1123 23
1124 23
1126 23
1127 23
1128 23
1129 23
1115 20
1116 20
1117 20
1118 20
1119 20
1121 20
1122 20
1123 20
1124 20
1130 23
1131 23
1132 23
1133 23
1134 23
1136 23
1137 23
1138 23
1139 23
1125 35
1126 35
1127 35
1128 35
1129 35
1131 35
1132 35
1133 35
1134 35
1140 20
1141 20
1142 20
1143 20
1144 20
1146 20
1147 20
1148 20
1149 20
1135 14
1136 14
1137 14
1138 14
1139 14
1141 14
1142 14
1143 14
1144 14
1150 24
1151 24
1152 24
1153 24
1154 24
1156 24
1157 24
1158 24
1159 24
1145 22
1146 22
1147 22
1148 22
1149 22
1151 22
1152 22
1153 22
1154 22
1160 21
1161 21
1162 21
1163 21
1164 21
1166 21
1167 21
1168 21
1169 21
1155 23
1156 23
1157 23
1158 23
1159 23
1161 23
1162 23
1163 23
1164 23
1170 20
1171 20
1172 20
1173 20
1174 20
1176 20
1177 20
1178 20
1179 20
1165 18
1166 18
1167 18
1168 18
1169 18
1171 18
1172 18
1173 18
1174 18
1180 18
1181 18
1182 18
1183 18
1184 18
1186 18
1187 18
1188 18
1189 18
1175 27
1176 27
1177 27
1178 27
1179 27
1181 27
1182 27
1183 27
1184 27
1190 15
1191 15
1192 15
1193 15
1194 15
1196 15
1197 15
1198 15
1199 15
1185 30
1186 30
1187 30
1188 30
1189 30
1191 30
1192 30
1193 30
1194 30
1200 26
1201 26
1202 26
1203 26
1204 26
1206 26
1207 26
1208 26
1209 26
1195 23
1196 23
1197 23
1198 23
1199 23
1201 23
1202 23
1203 23
1204 23
1210 42
1211 42
1212 42
1213 42
1214 42
1216 42
1217 42
1218 42
1219 42
1205 26
1206 26
1207 26
1208 26
1209 26
1211 26
1212 26
1213 26
1214 26
1220 20
1221 20
1222 20
1223 20
1224 20
1226 20
1227 20
1228 20
1229 20
1215 31
1216 31
1217 31
1218 31
1219 31
1221 31
1222 31
1223 31
1224 31
1230 27
1231 27
1232 27
1233 27
1234 27
1236 27
1237 27
1238 27
1239 27
1225 17
1226 17
1227 17
1228 17
1229 17
1231 17
1232 17
1233 17
1234 17
1240 36
1241 36
1242 36
1243 36
1244 36
1246 36
1247 36
1248 36
1249 36
1235 43
1236 43
1237 43
1238 43
1239 43
1241 43
1242 43
1243 43
1244 43
1250 15
1251 15
1252 15
1253 15
1254 15
1256 15
1257 15
1258 15
1259 15
1245 19
1246 19
1247 19
1248 19
1249 19
1251 19
1252 19
1253 19
1254 19
1260 18
1261 18
1262 18
1263 18
1264 18
1266 18
1267 18
1268 18
1269 18
1255 21
1256 21
1257 21
1258 21
1259 21
1261 21
1262 21
1263 21
1264 21
1270 9
1271 9
1272 9
1273 9
1274 9
1276 9
1277 9
1278 9
1279 9
1265 9
1266 9
1267 9
1268 9
1269 9
1271 9
1272 9
1273 9
1274 9
1280 12
1281 12
1282 12
1283 12
1284 12
1286 12
1287 12
1288 12
1289 12
1275 6
1276 6
1277 6
1278 6
1279 6
1281 6
1282 6
1283 6
1284 6
1290 7
1291 7
1292 7
1293 7
1294 7
1296 7
1297 7
1298 7
1299 7
1285 14
1286 14
1287 14
1288 14
1289 14
1291 14
1292 14
1293 14
1294 14
1300 1
1301 1
1302 1
1303 1
1304 1
1306 1
1307 1
1308 1
1309 1
1295 4
1296 4
1297 4
1298 4
1299 4
1301 4
1302 4
1303 4
1304 4
1310 3
1311 3
1312 3
1313 3
1314 3
1316 3
1317 3
1318 3
1319 3
1305 1
1306 1
1307 1
1308 1
1309 1
1311 1
1312 1
1313 1
1314 1
1320 148
1321 148
1322 148
1323 148
1324 148
1326 148
1327 148
1328 148
1329 148
1315 44
1316 44
1317 44
1318 44
1319 44
1321 44
1322 44
1323 44
1324 44
1330 170
1331 170
1332 170
1333 170
1334 170
1336 170
1337 170
1338 170
1339 170
1325 179
1326 179
1327 179
1328 179
1329 179
1331 179
1332 179
1333 179
1334 179
1340 224
1341 224
1342 224
1343 224
1344 224
1346 224
1347 224
1348 224
1349 224
1335 220
1336 220
1337 220
1338 220
1339 220
1341 220
1342 220
1343 220
1344 220
1350 235
1351 235
1352 235
1353 235
1354 235
1356 235
1357 235
1358 235
1359 235
1345 214
1346 214
1347 214
1348 214
1349 214
1351 214
1352 214
1353 214
1354 214
1360 225
1361 225
1362 225
1363 225
1364 225
1366 225
1367 225
1368 225
1369 225
1355 269
1356 269
1357 269
1358 269
1359 269
1361 269
1362 269
1363 269
1364 269
1370 250
1371 250
1372 250
1373 250
1374 250
1376 250
1377 250
1378 250
1379 250
1365 255
1366 255
1367 255
1368 255
1369 255
1371 255
1372 255
1373 255
1374 255
1380 484
1381 484
1382 484
1383 484
1384 484
1386 484
1387 484
1388 484
1389 484
1375 285
1376 285
1377 285
1378 285
1379 285
1381 285
1382 285
1383 285
1384 285
1390 498
1391 498
1392 498
1393 498
1394 498
1396 498
1397 498
1398 498
1399 498
1385 474
1386 474
1387 474
1388 474
1389 474
1391 474
1392 474
1393 474
1394 474
1400 611
1401 611
1402 611
1403 611
1404 611
1406 611
1407 611
1408 611
1409 611
1395 576
1396 576
1397 576
1398 576
1399 576
1401 576
1402 576
1403 576
1404 576
1410 529
1411 529
1412 529
1413 529
1414 529
1416 529
1417 529
1418 529
1419 529
1405 566
1406 566
1407 566
1408 566
1409 566
1411 566
1412 566
1413 566
1414 566
1420 542
1421 542
1422 542
1423 542
1424 542
1426 542
1427 542
1428 542
1429 542
1415 503
1416 503
1417 503
1418 503
1419 503
1421 503
1422 503
1423 503
1424 503
1430 528
1431 528
1432 528
1433 528
1434 528
1436 528
1437 528
1438 528
1439 528
1425 554
1426 554
1427 554
1428 554
1429 554
1431 554
1432 554
1433 554
1434 554
1440 481
1441 481
1442 481
1443 481
1444 481
1446 481
1447 481
1448 481
1449 481
1435 409
1436 409
1437 409
1438 409
1439 409
1441 409
1442 409
1443 409
1444 409
1450 415
1451 415
1452 415
1453 415
1454 415
1456 415
1457 415
1458 415
1459 415
1445 374
1446 374
1447 374
1448 374
1449 374
1451 374
1452 374
1453 374
1454 374
1460 572
1461 572
1462 572
1463 572
1464 572
1466 572
1467 572
1468 572
1469 572
1455 418
1456 418
1457 418
1458 418
1459 418
1461 418
1462 418
1463 418
1464 418
1470 543
1471 543
1472 543
1473 543
1474 543
1476 543
1477 543
1478 543
1479 543
1465 535
1466 535
1467 535
1468 535
1469 535
1471 535
1472 535
1473 535
1474 535
1480 623
1481 623
1482 623
1483 623
1484 623
1486 623
1487 623
1488 623
1489 623
1475 570
1476 570
1477 570
1478 570
1479 570
1481 570
1482 570
1483 570
1484 570
1490 600
1491 600
1492 600
1493 600
1494 600
1496 600
1497 600
1498 600
1499 600
1485 611
1486 611
1487 611
1488 611
1489 611
1500 583
1491 611
1492 611
1501 583
1493 611
1502 583
1494 611
1503 583
1504 583
1506 583
1507 583
1508 583
1509 583
1495 626
1496 626
1497 626
1498 626
1499 626
1510 519
1501 626
1511 519
1502 626
1512 519
1503 626
1513 519
1504 626
1514 519
1516 519
1517 519
1518 519
1519 519
1505 541
1506 541
1507 541
1508 541
1509 541
1520 474
1521 474
1511 541
1522 474
1512 541
1523 474
1513 541
1524 474
1514 541
1526 474
1527 474
1528 474
1529 474
1515 564
1516 564
1517 564
1518 564
1530 525
1519 564
1531 525
1532 525
1521 564
1533 525
1522 564
1534 525
1523 564
1524 564
1536 525
1537 525
1538 525
1539 525
1525 479
1526 479
1527 479
1540 405
1528 479
1541 405
1529 479
1542 405
1543 405
1531 479
1544 405
1532 479
1533 479
1546 405
1534 479
1547 405
1548 405
1549 405
1535 493
1536 493
1550 586
1537 493
1538 493
1551 586
1539 493
1552 586
1553 586
1554 586
1541 493
1542 493
1556 586
1543 493
1557 586
1544 493
1558 586
1559 586
1545 505
1546 505
1547 505
1548 505
1549 505
1551 505
1560 351
1552 505
1553 505
1561 351
1554 505
1562 351
1563 351
1564 351
1566 351
1567 351
1568 351
1569 351
1555 362
1556 362
1557 362
1558 362
1559 362
1561 362
1562 362
1570 375
1563 362
1571 375
1564 362
1572 375
1573 375
1574 375
1576 375
1577 375
1578 375
1579 375
1565 425
1566 425
1567 425
1568 425
1569 425
1571 425
1572 425
1580 327
1573 425
1581 327
1574 425
1582 327
1583 327
1584 327
1586 327
1587 327
1588 327
1589 327
1575 376
1576 376
1577 376
1578 376
1579 376
1581 376
1590 268
1582 376
1591 268
1583 376
1592 268
1584 376
1593 268
1594 268
1596 268
1597 268
1598 268
1599 268
1585 147
1586 147
1587 147
1588 147
1589 147
1591 147
1600 256
1592 147
1601 256
1593 147
1602 256
1594 147
1603 256
1604 256
1606 256
1607 256
1608 256
1609 256
1595 328
1596 328
1597 328
1598 328
1599 328
1601 328
1610 330
1602 328
1611 330
1603 328
1612 330
1604 328
1613 330
1614 330
1616 330
1617 330
1618 330
1619 330
1605 366
1606 366
1607 366
1608 366
1609 366
1620 399
1611 366
1612 366
1621 399
1613 366
1622 399
1614 366
1623 399
1624 399
1626 399
1627 399
1628 399
1629 399
1615 290
1616 290
1617 290
1618 290
1619 290
1630 353
1621 290
1631 353
1622 290
1632 353
1623 290
1624 290
1633 353
1634 353
1636 353
1637 353
1638 353
1639 353
1625 314
1626 314
1627 314
1628 314
1629 314
1631 314
1640 361
1632 314
1641 361
1633 314
1642 361
1634 314
1643 361
1644 361
1646 361
1647 361
1648 361
1649 361
1635 275
1636 275
1637 275
1638 275
1639 275
1641 275
1650 398
1642 275
1651 398
1643 275
1652 398
1644 275
1653 398
1654 398
1656 398
1657 398
1658 398
1659 398
1645 385
1646 385
1647 385
1648 385
1649 385
1651 385
1660 324
1652 385
1661 324
1653 385
1662 324
1654 385
1663 324
1664 324
1666 324
1667 324
1668 324
1669 324
1655 385
1656 385
1657 385
1658 385
1659 385
1661 385
1670 364
1662 385
1671 364
1663 385
1672 364
1664 385
1673 364
1674 364
1676 364
1677 364
1678 364
1679 364
1665 364
1666 364
1667 364
1668 364
1669 364
1680 373
1671 364
1672 364
1681 373
1673 364
1682 373
1674 364
1683 373
1684 373
1686 373
1687 373
1688 373
1689 373
1675 324
1676 324
1677 324
1678 324
1679 324
1690 340
1681 324
1691 340
1682 324
1692 340
1683 324
1693 340
1684 324
1694 340
1696 340
1697 340
1698 340
1699 340
1685 318
1686 318
1687 318
1688 318
1689 318
1700 226
1691 318
1701 226
1692 318
1702 226
1693 318
1694 318
1703 226
1704 226
1706 226
1707 226
1708 226
1709 226
1695 295
1696 295
1697 295
1698 295
1699 295
1710 128
1701 295
1711 128
1702 295
1703 295
1712 128
1704 295
1713 128
1714 128
1716 128
1717 128
1718 128
1719 128
1705 202
1706 202
1707 202
1708 202
1709 202
1720 189
1711 202
1721 189
1712 202
1722 189
1713 202
1723 189
1714 202
1724 189
1726 189
1727 189
1728 189
1729 189
1715 133
1716 133
1717 133
1718 133
1719 133
1730 286
1721 133
1731 286
1722 133
1732 286
1723 133
1733 286
1724 133
1734 286
1736 286
1737 286
1738 286
1739 286
1725 255
1726 255
1727 255
1728 255
1729 255
1740 365
1731 255
1741 365
1732 255
1742 365
1733 255
1743 365
1734 255
1744 365
1746 365
1747 365
1748 365
1749 365
1735 290
1736 290
1737 290
1738 290
1739 290
1750 389
1741 290
1751 389
1742 290
1752 389
1743 290
1753 389
1744 290
1754 389
1756 389
1757 389
1758 389
1759 389
1745 338
1746 338
1747 338
1748 338
1749 338
1760 249
1751 338
1761 249
1752 338
1762 249
1753 338
1763 249
1764 249
1754 338
1766 249
1767 249
1768 249
1769 249
1755 359
1756 359
1757 359
1758 359
1759 359
1761 359
1762 359
1763 359
1764 359
1770 356
1771 356
1772 356
1773 356
1774 356
1776 356
1777 356
1778 356
1779 356
1765 319
1766 319
1767 319
1768 319
1769 319
1771 319
1772 319
1773 319
1774 319
1780 352
1781 352
1782 352
1783 352
1784 352
1786 352
1787 352
1788 352
1789 352
1775 333
1776 333
1777 333
1778 333
1779 333
1781 333
1782 333
1783 333
1784 333
1790 143
1791 143
1792 143
1793 143
1794 143
1796 143
1797 143
1798 143
1799 143
1785 167
1786 167
1787 167
1788 167
1789 167
1791 167
1792 167
1793 167
1794 167
1800 115
1801 115
1802 115
1803 115
1804 115
1806 115
1807 115
1808 115
1809 115
1795 150
1796 150
1797 150
1798 150
1799 150
1801 150
1802 150
1803 150
1804 150
1810 11
1811 11
1812 11
1813 11
1814 11
1816 11
1817 11
1818 11
1819 11
1805 63
1806 63
1807 63
1808 63
1809 63
1811 63
1812 63
1813 63
1814 63
1820 11
1821 11
1822 11
1823 11
1824 11
1826 11
1827 11
1828 11
1829 11
1815 8
1816 8
1817 8
1818 8
1819 8
1821 8
1822 8
1823 8
1824 8
1830 10
1831 10
1832 10
1833 10
1834 10
1836 10
1837 10
1838 10
1839 10
1825 8
1826 8
1827 8
1828 8
1829 8
1831 8
1832 8
1833 8
1834 8
1840 15
1841 15
1842 15
1843 15
1844 15
1846 15
1847 15
1848 15
1849 15
1835 12
1836 12
1837 12
1838 12
1839 12
1841 12
1842 12
1843 12
1844 12
1850 79
1851 79
1852 79
1853 79
1854 79
1856 79
1857 79
1858 79
1859 79
1845 28
1846 28
1847 28
1848 28
1849 28
1851 28
1852 28
1853 28
1854 28
1860 195
1861 195
1862 195
1863 195
1864 195
1866 195
1867 195
1868 195
1869 195
1855 158
1856 158
1857 158
1858 158
1859 158
1861 158
1862 158
1863 158
1864 158
1870 271
1871 271
1872 271
1873 271
1874 271
1876 271
1877 271
1878 271
1879 271
1865 229
1866 229
1867 229
1868 229
1869 229
1871 229
1872 229
1873 229
1874 229
1880 136
1881 136
1882 136
1883 136
1884 136
1886 136
1887 136
1888 136
1889 136
1875 325
1876 325
1877 325
1878 325
1879 325
1881 325
1882 325
1883 325
1884 325
1890 180
1891 180
1892 180
1893 180
1894 180
1896 180
1897 180
1898 180
1899 180
1885 281
1886 281
1887 281
1888 281
1889 281
1891 281
1892 281
1893 281
1894 281
1900 75
1901 75
1902 75
1903 75
1904 75
1906 75
1907 75
1908 75
1909 75
1895 78
1896 78
1897 78
1898 78
1899 78
1901 78
1902 78
1903 78
1904 78
1910 33
1911 33
1912 33
1913 33
1914 33
1916 33
1917 33
1918 33
1919 33
1905 76
1906 76
1907 76
1908 76
1909 76
1911 76
1912 76
1913 76
1914 76
1920 12
1921 12
1922 12
1923 12
1924 12
1926 12
1927 12
1928 12
1929 12
1915 17
1916 17
1917 17
1918 17
1919 17
1921 17
1922 17
1923 17
1924 17
1930 11
1931 11
1932 11
1933 11
1934 11
1936 11
1937 11
1938 11
1939 11
1925 10
1926 10
1927 10
1928 10
1929 10
1931 10
1932 10
1933 10
1934 10
1940 68
1941 68
1942 68
1943 68
1944 68
1946 68
1947 68
1948 68
1949 68
1935 43
1936 43
1937 43
1938 43
1939 43
1941 43
1942 43
1943 43
1944 43
1950 112
1951 112
1952 112
1953 112
1954 112
1956 112
1957 112
1958 112
1959 112
1945 115
1946 115
1947 115
1948 115
1949 115
1951 115
1952 115
1953 115
1954 115
1960 149
1961 149
1962 149
1963 149
1964 149
1966 149
1967 149
1968 149
1969 149
1955 155
1956 155
1957 155
1958 155
1959 155
1961 155
1962 155
1963 155
1964 155
1970 143
1971 143
1972 143
1973 143
1974 143
1976 143
1977 143
1978 143
1979 143
1965 219
1966 219
1967 219
1968 219
1969 219
1971 219
1972 219
1973 219
1974 219
1980 148
1981 148
1982 148
1983 148
1984 148
1986 148
1987 148
1988 148
1989 148
1975 128
1976 128
1977 128
1978 128
1979 128
1981 128
1982 128
1983 128
1984 128
1990 174
1991 174
1992 174
1993 174
1994 174
1996 174
1997 174
1998 174
1999 174
1985 227
1986 227
1987 227
1988 227
1989 227
1991 227
1992 227
1993 227
1994 227
2000 137
2001 137
2002 137
2003 137
2004 137
2006 137
2007 137
2008 137
2009 137
1995 120
1996 120
1997 120
1998 120
1999 120
2001 120
2002 120
2003 120
2004 120
2010 117
2011 117
2012 117
2013 117
2014 117
2016 117
2017 117
2018 117
2019 117
2005 171
2006 171
2007 171
2008 171
2009 171
2011 171
2012 171
2013 171
2014 171
2020 68
2021 68
2022 68
2023 68
2024 68
2026 68
2027 68
2028 68
2029 68
2015 131
2016 131
2017 131
2018 131
2019 131
2021 131
2022 131
2023 131
2024 131
2030 48
2031 48
2032 48
2033 48
2034 48
2036 48
2037 48
2038 48
2039 48
2025 43
2026 43
2027 43
2028 43
2029 43
2031 43
2032 43
2033 43
2034 43
2040 11
2041 11
2042 11
2043 11
2044 11
2046 11
2047 11
2048 11
2049 11
2035 7
2036 7
2037 7
2038 7
2039 7
2041 7
2042 7
2043 7
2044 7
2050 10
2051 10
2052 10
2053 10
2054 10
2056 10
2057 10
2058 10
2059 10
2045 9
2046 9
2047 9
2048 9
2049 9
2051 9
2052 9
2053 9
2054 9
2060 10
2061 10
2062 10
2063 10
2064 10
2066 10
2067 10
2068 10
2069 10
2055 11
2056 11
2057 11
2058 11
2059 11
2061 11
2062 11
2063 11
2064 11
2070 10
2071 10
2072 10
2073 10
2074 10
2076 10
2077 10
2078 10
2079 10
2065 11
2066 11
2067 11
2068 11
2069 11
2071 11
2072 11
2073 11
2074 11
2080 7
2081 7
2082 7
2083 7
2084 7
2086 7
2087 7
2088 7
2089 7
2075 9
2076 9
2077 9
2078 9
2079 9
2081 9
2082 9
2083 9
2084 9
2090 34
2091 34
2092 34
2093 34
2094 34
2096 34
2097 34
2098 34
2099 34
2085 19
2086 19
2087 19
2088 19
2089 19
2091 19
2092 19
2093 19
2094 19
2100 121
2101 121
2102 121
2103 121
2104 121
2106 121
2107 121
2108 121
2109 121
2095 79
2096 79
2097 79
2098 79
2099 79
2101 79
2102 79
2103 79
2104 79
2110 178
2111 178
2112 178
2113 178
2114 178
2116 178
2117 178
2118 178
2119 178
2105 119
2106 119
2107 119
2108 119
2109 119
2111 119
2112 119
2113 119
2114 119
2120 181
2121 181
2122 181
2123 181
2124 181
2126 181
2127 181
2128 181
2129 181
2115 176
2116 176
2117 176
2118 176
2119 176
2121 176
2122 176
2123 176
2124 176
2130 178
2131 178
2132 178
2133 178
2134 178
2136 178
2137 178
2138 178
2139 178
2125 214
2126 214
2127 214
2128 214
2129 214
2131 214
2132 214
2133 214
2134 214
2140 97
2141 97
2142 97
2143 97
2144 97
2146 97
2147 97
2148 97
2149 97
2135 123
2136 123
2137 123
2138 123
2139 123
2141 123
2142 123
2143 123
2144 123
2150 106
2151 106
2152 106
2153 106
2154 106
2156 106
2157 106
2158 106
2159 106
2145 85
2146 85
2147 85
2148 85
2149 85
2151 85
2152 85
2153 85
2154 85
2160 56
2161 56
2162 56
2163 56
2164 56
2166 56
2167 56
2168 56
2169 56
2155 73
2156 73
2157 73
2158 73
2159 73
2161 73
2162 73
2163 73
2164 73
2170 46
2171 46
2172 46
2173 46
2174 46
2176 46
2177 46
2178 46
2179 46
2165 42
2166 42
2167 42
2168 42
2169 42
2171 42
2172 42
2173 42
2174 42
2180 58
2181 58
2182 58
2183 58
2184 58
2186 58
2187 58
2188 58
2189 58
2175 56
2176 56
2177 56
2178 56
2179 56
2181 56
2182 56
2183 56
2184 56
2190 52
2191 52
2192 52
2193 52
2194 52
2196 52
2197 52
2198 52
2199 52
2185 76
2186 76
2187 76
2188 76
2189 76
2191 76
2192 76
2193 76
2194 76
2200 71
2201 71
2202 71
2203 71
2204 71
2206 71
2207 71
2208 71
2209 71
2195 67
2196 67
2197 67
2198 67
2199 67
2201 67
2202 67
2203 67
2204 67
2210 125
2211 125
2212 125
2213 125
2214 125
2216 125
2217 125
2218 125
2219 125
2205 73
2206 73
2207 73
2208 73
2209 73
2211 73
2212 73
2213 73
2214 73
2220 127
2221 127
2222 127
2223 127
2224 127
2226 127
2227 127
2228 127
2229 127
2215 121
2216 121
2217 121
2218 121
2219 121
2221 121
2222 121
2223 121
2224 121
2230 71
2231 71
2232 71
2233 71
2234 71
2236 71
2237 71
2238 71
2239 71
2225 94
2226 94
2227 94
2228 94
2229 94
2231 94
2232 94
2233 94
2234 94
2240 21
2241 21
2242 21
2243 21
2244 21
2246 21
2247 21
2248 21
2249 21
2235 22
2236 22
2237 22
2238 22
2239 22
2241 22
2242 22
2243 22
2244 22
2250 64
2251 64
2252 64
2253 64
2254 64
2256 64
2257 64
2258 64
2259 64
2245 45
2246 45
2247 45
2248 45
2249 45
2251 45
2252 45
2253 45
2254 45
2260 92
2261 92
2262 92
2263 92
2264 92
2266 92
2267 92
2268 92
2269 92
2255 61
2256 61
2257 61
2258 61
2259 61
2261 61
2262 61
2263 61
2264 61
2270 70
2271 70
2272 70
2273 70
2274 70
2276 70
2277 70
2278 70
2279 70
2265 38
2266 38
2267 38
2268 38
2269 38
2271 38
2272 38
2273 38
2274 38
2280 40
2281 40
2282 40
2283 40
2284 40
2286 40
2287 40
2288 40
2289 40
2275 19
2276 19
2277 19
2278 19
2279 19
2281 19
2282 19
2283 19
2284 19
2290 35
2291 35
2292 35
2293 35
2294 35
2296 35
2297 35
2298 35
2299 35
2285 24
2286 24
2287 24
2288 24
2289 24
2291 24
2292 24
2293 24
2294 24
2300 71
2301 71
2302 71
2303 71
2304 71
2306 71
2307 71
2308 71
2309 71
2295 42
2296 42
2297 42
2298 42
2299 42
2301 42
2302 42
2303 42
2304 42
2310 59
2311 59
2312 59
2313 59
2314 59
2316 59
2317 59
2318 59
2319 59
2305 47
2306 47
2307 47
2308 47
2309 47
2311 47
2312 47
2313 47
2314 47
2320 84
2321 84
2322 84
2323 84
2324 84
2326 84
2327 84
2328 84
2329 84
2315 85
2316 85
2317 85
2318 85
2319 85
2321 85
2322 85
2323 85
2324 85
2330 108
2331 108
2332 108
2333 108
2334 108
2336 108
2337 108
2338 108
2339 108
2325 130
2326 130
2327 130
2328 130
2329 130
2331 130
2332 130
2333 130
2334 130
2340 233
2341 233
2342 233
2343 233
2344 233
2346 233
2347 233
2348 233
2349 233
2335 135
2336 135
2337 135
2338 135
2339 135
2341 135
2342 135
2343 135
2344 135
2350 129
2351 129
2352 129
2353 129
2354 129
2356 129
2357 129
2358 129
2359 129
2345 131
2346 131
2347 131
2348 131
2349 131
2351 131
2352 131
2353 131
2354 131
2360 51
2361 51
2362 51
2363 51
2364 51
2366 51
2367 51
2368 51
2369 51
2355 63
2356 63
2357 63
2358 63
2359 63
2361 63
2362 63
2363 63
2364 63
2370 4
2371 4
2372 4
2373 4
2374 4
2376 4
2377 4
2378 4
2379 4
2365 16
2366 16
2367 16
2368 16
2369 16
2371 16
2372 16
2373 16
2374 16
2380 31
2381 31
2382 31
2383 31
2384 31
2386 31
2387 31
2388 31
2389 31
2375 11
2376 11
2377 11
2378 11
2379 11
2381 11
2382 11
2383 11
2384 11
2390 11
2391 11
2392 11
2393 11
2394 11
2396 11
2397 11
2398 11
2399 11
2385 52
2386 52
2387 52
2388 52
2389 52
2391 52
2392 52
2393 52
2394 52
2400 22
2401 22
2402 22
2403 22
2404 22
2406 22
2407 22
2408 22
2409 22
2395 10
2396 10
2397 10
2398 10
2399 10
2401 10
2402 10
2403 10
2404 10
2410 34
2411 34
2412 34
2413 34
2414 34
2416 34
2417 34
2418 34
2419 34
2405 49
2406 49
2407 49
2408 49
2409 49
2411 49
2412 49
2413 49
2414 49
2420 32
2421 32
2422 32
2423 32
2424 32
2426 32
2427 32
2428 32
2429 32
2415 8
2416 8
2417 8
2418 8
2419 8
2421 8
2422 8
2423 8
2424 8
2430 78
2431 78
2432 78
2433 78
2434 78
2436 78
2437 78
2438 78
2439 78
2425 41
2426 41
2427 41
2428 41
2429 41
2431 41
2432 41
2433 41
2434 41
2440 137
2441 137
2442 137
2443 137
2444 137
2446 137
2447 137
2448 137
2449 137
2435 121
2436 121
2437 121
2438 121
2439 121
2441 121
2442 121
2443 121
2444 121
2450 336
2451 336
2452 336
2453 336
2454 336
2456 336
2457 336
2458 336
2459 336
2445 141
2446 141
2447 141
2448 141
2449 141
2451 141
2452 141
2453 141
2454 141
2460 261
2461 261
2462 261
2463 261
2464 261
2466 261
2467 261
2468 261
2469 261
2455 272
2456 272
2457 272
2458 272
2459 272
2461 272
2462 272
2463 272
2464 272
2470 221
2471 221
2472 221
2473 221
2474 221
2476 221
2477 221
2478 221
2479 221
2465 234
2466 234
2467 234
2468 234
2469 234
2471 234
2472 234
2473 234
2474 234
2480 148
2481 148
2482 148
2483 148
2484 148
2486 148
2487 148
2488 148
2489 148
2475 166
2476 166
2477 166
2478 166
2479 166
2481 166
2482 166
2483 166
2484 166
2490 58
2491 58
2492 58
2493 58
2494 58
2496 58
2497 58
2498 58
2499 58
2485 117
2486 117
2487 117
2488 117
2489 117
2491 117
2492 117
2493 117
2494 117
2500 62
2501 62
2502 62
2503 62
2504 62
2506 62
2507 62
2508 62
2509 62
2495 69
2496 69
2497 69
2498 69
2499 69
2501 69
2502 69
2503 69
2504 69
2510 66
2511 66
2512 66
2513 66
2514 66
2516 66
2517 66
2518 66
2519 66
2505 54
2506 54
2507 54
2508 54
2509 54
2511 54
2512 54
2513 54
2514 54
2520 125
2521 125
2522 125
2523 125
2524 125
2526 125
2527 125
2528 125
2529 125
2515 79
2516 79
2517 79
2518 79
2519 79
2521 79
2522 79
2523 79
2524 79
2530 162
2531 162
2532 162
2533 162
2534 162
2536 162
2537 162
2538 162
2539 162
2525 136
2526 136
2527 136
2528 136
2529 136
2531 136
2532 136
2533 136
2534 136
2540 164
2541 164
2542 164
2543 164
2544 164
2546 164
2547 164
2548 164
2549 164
2535 181
2536 181
2537 181
2538 181
2539 181
2541 181
2542 181
2543 181
2544 181
2550 121
2551 121
2552 121
2553 121
2554 121
2556 121
2557 121
2558 121
2559 121
2545 171
2546 171
2547 171
2548 171
2549 171
2551 171
2552 171
2553 171
2554 171
2560 114
2561 114
2562 114
2563 114
2564 114
2566 114
2567 114
2568 114
2569 114
2555 98
2556 98
2557 98
2558 98
2559 98
2561 98
2562 98
2563 98
2564 98
2570 132
2571 132
2572 132
2573 132
2574 132
2576 132
2577 132
2578 132
2579 132
2565 139
2566 139
2567 139
2568 139
2569 139
2571 139
2572 139
2573 139
2574 139
2580 146
2581 146
2582 146
2583 146
2584 146
2586 146
2587 146
2588 146
2589 146
2575 157
2576 157
2577 157
2578 157
2579 157
2581 157
2582 157
2583 157
2584 157
2590 78
2591 78
2592 78
2593 78
2594 78
2596 78
2597 78
2598 78
2599 78
2585 126
2586 126
2587 126
2588 126
2589 126
2591 126
2592 126
2593 126
2594 126
2600 28
2601 28
2602 28
2603 28
2604 28
2606 28
2607 28
2608 28
2609 28
2595 95
2596 95
2597 95
2598 95
2599 95
2601 95
2602 95
2603 95
2604 95
2610 19
2611 19
2612 19
2613 19
2614 19
2616 19
2617 19
2618 19
2619 19
2605 21
2606 21
2607 21
2608 21
2609 21
2611 21
2612 21
2613 21
2614 21
2620 25
2621 25
2622 25
2623 25
2624 25
2626 25
2627 25
2628 25
2629 25
2615 22
2616 22
2617 22
2618 22
2619 22
2621 22
2622 22
2623 22
2624 22
2630 39
2631 39
2632 39
2633 39
2634 39
2636 39
2637 39
2638 39
2639 39
2625 42
2626 42
2627 42
2628 42
2629 42
2631 42
2632 42
2633 42
2634 42
2640 47
2641 47
2642 47
2643 47
2644 47
2646 47
2647 47
2648 47
2649 47
2635 40
2636 40
2637 40
2638 40
2639 40
2641 40
2642 40
2643 40
2644 40
2650 40
2651 40
2652 40
2653 40
2654 40
2656 40
2657 40
2658 40
2659 40
2645 32
2646 32
2647 32
2648 32
2649 32
2651 32
2652 32
2653 32
2654 32
2660 61
2661 61
2662 61
2663 61
2664 61
2666 61
2667 61
2668 61
2669 61
2655 47
2656 47
2657 47
2658 47
2659 47
2661 47
2662 47
2663 47
2664 47
2670 38
2671 38
2672 38
2673 38
2674 38
2676 38
2677 38
2678 38
2679 38
2665 67
2666 67
2667 67
2668 67
2669 67
2671 67
2672 67
2673 67
2674 67
2680 64
2681 64
2682 64
2683 64
2684 64
2686 64
2687 64
2688 64
2689 64
2675 68
2676 68
2677 68
2678 68
2679 68
2681 68
2682 68
2683 68
2684 68
2690 61
2691 61
2692 61
2693 61
2694 61
2696 61
2697 61
2698 61
2699 61
2685 71
2686 71
2687 71
2688 71
2689 71
2691 71
2692 71
2693 71
2694 71
2700 68
2701 68
2702 68
2703 68
2704 68
2706 68
2707 68
2708 68
2709 68
2695 48
2696 48
2697 48
2698 48
2699 48
2701 48
2702 48
2703 48
2704 48
2710 72
2711 72
2712 72
2713 72
2714 72
2716 72
2717 72
2718 72
2719 72
2705 71
2706 71
2707 71
2708 71
2709 71
2711 71
2712 71
2713 71
2714 71
2720 110
2721 110
2722 110
2723 110
2724 110
2726 110
2727 110
2728 110
2729 110
2715 109
2716 109
2717 109
2718 109
2719 109
2721 109
2722 109
2723 109
2724 109
2730 89
2731 89
2732 89
2733 89
2734 89
2736 89
2737 89
2738 89
2739 89
2725 110
2726 110
2727 110
2728 110
2729 110
2731 110
2732 110
2733 110
2734 110
2740 88
2741 88
2742 88
2743 88
2744 88
2746 88
2747 88
2748 88
2749 88
2735 97
2736 97
2737 97
2738 97
2739 97
2741 97
2742 97
2743 97
2744 97
2750 192
2751 192
2752 192
2753 192
2754 192
2756 192
2757 192
2758 192
2759 192
2745 102
2746 102
2747 102
2748 102
2749 102
2751 102
2752 102
2753 102
2754 102
2760 229
2761 229
2762 229
2763 229
2764 229
2766 229
2767 229
2768 229
2769 229
2755 220
2756 220
2757 220
2758 220
2759 220
2761 220
2762 220
2763 220
2764 220
2770 251
2771 251
2772 251
2773 251
2774 251
2776 251
2777 251
2778 251
2779 251
2765 227
2766 227
2767 227
2768 227
2769 227
2771 227
2772 227
2773 227
2774 227
2780 371
2781 371
2782 371
2783 371
2784 371
2786 371
2787 371
2788 371
2789 371
2775 343
2776 343
2777 343
2778 343
2779 343
2781 343
2782 343
2783 343
2784 343
2790 145
2791 145
2792 145
2793 145
2794 145
2796 145
2797 145
2798 145
2799 145
2785 268
2786 268
2787 268
2788 268
2789 268
2791 268
2792 268
2793 268
2794 268
2800 210
2801 210
2802 210
2803 210
2804 210
2806 210
2807 210
2808 210
2809 210
2795 188
2796 188
2797 188
2798 188
2799 188
2801 188
2802 188
2803 188
2804 188
2810 144
2811 144
2812 144
2813 144
2814 144
2816 144
2817 144
2818 144
2819 144
2805 135
2806 135
2807 135
2808 135
2809 135
2811 135
2812 135
2813 135
2814 135
2820 192
2821 192
2822 192
2823 192
2824 192
2826 192
2827 192
2828 192
2829 192
2815 154
2816 154
2817 154
2818 154
2819 154
2821 154
2822 154
2823 154
2824 154
2830 158
2831 158
2832 158
2833 158
2834 158
2836 158
2837 158
2838 158
2839 158
2825 185
2826 185
2827 185
2828 185
2829 185
2831 185
2832 185
2833 185
2834 185
2840 126
2841 126
2842 126
2843 126
2844 126
2846 126
2847 126
2848 126
2849 126
2835 202
2836 202
2837 202
2838 202
2839 202
2841 202
2842 202
2843 202
2844 202
2850 161
2851 161
2852 161
2853 161
2854 161
2856 161
2857 161
2858 161
2859 161
2845 145
2846 145
2847 145
2848 145
2849 145
2851 145
2852 145
2853 145
2854 145
2860 96
2861 96
2862 96
2863 96
2864 96
2866 96
2867 96
2868 96
2869 96
2855 149
2856 149
2857 149
2858 149
2859 149
2861 149
2862 149
2863 149
2864 149
2870 96
2871 96
2872 96
2873 96
2874 96
2876 96
2877 96
2878 96
2879 96
2865 89
2866 89
2867 89
2868 89
2869 89
2871 89
2872 89
2873 89
2874 89
2880 105
2881 105
2882 105
2883 105
2884 105
2886 105
2887 105
2888 105
2889 105
2875 96
2876 96
2877 96
2878 96
2879 96
2881 96
2882 96
2883 96
2884 96
2890 43
2891 43
2892 43
2893 43
2894 43
2896 43
2897 43
2898 43
2899 43
2885 127
2886 127
2887 127
2888 127
2889 127
2891 127
2892 127
2893 127
2894 127
2900 56
2901 56
2902 56
2903 56
2904 56
2906 56
2907 56
2908 56
2909 56
2895 45
2896 45
2897 45
2898 45
2899 45
2901 45
2902 45
2903 45
2904 45
2910 66
2911 66
2912 66
2913 66
2914 66
2916 66
2917 66
2918 66
2919 66
2905 53
2906 53
2907 53
2908 53
2909 53
2911 53
2912 53
2913 53
2914 53
2920 76
2921 76
2922 76
2923 76
2924 76
2926 76
2927 76
2928 76
2929 76
2915 73
2916 73
2917 73
2918 73
2919 73
2921 73
2922 73
2923 73
2924 73
2930 87
2931 87
2932 87
2933 87
2934 87
2936 87
2937 87
2938 87
2939 87
2925 86
2926 86
2927 86
2928 86
2929 86
2931 86
2932 86
2933 86
2934 86
2940 88
2941 88
2942 88
2943 88
2944 88
2946 88
2947 88
2948 88
2949 88
2935 84
2936 84
2937 84
2938 84
2939 84
2941 84
2942 84
2943 84
2944 84
2950 42
2951 42
2952 42
2953 42
2954 42
2956 42
2957 42
2958 42
2959 42
2945 93
2946 93
2947 93
2948 93
2949 93
2951 93
2952 93
2953 93
2954 93
2960 45
2961 45
2962 45
2963 45
2964 45
2966 45
2967 45
2968 45
2969 45
2955 96
2956 96
2957 96
2958 96
2959 96
2961 96
2962 96
2963 96
2964 96
2970 14
2971 14
2972 14
2973 14
2974 14
2976 14
2977 14
2978 14
2979 14
2965 32
2966 32
2967 32
2968 32
2969 32
2971 32
2972 32
2973 32
2974 32
2980 55
2981 55
2982 55
2983 55
2984 55
2986 55
2987 55
2988 55
2989 55
2975 21
2976 21
2977 21
2978 21
2979 21
2981 21
2982 21
2983 21
2984 21
2990 48
2991 48
2992 48
2993 48
2994 48
2996 48
2997 48
2998 48
2999 48
2985 18
2986 18
2987 18
2988 18
2989 18
2991 18
2992 18
2993 18
2994 18
3000 26
3001 26
3002 26
3003 26
3004 26
3006 26
3007 26
3008 26
3009 26
2995 54
2996 54
2997 54
2998 54
2999 54
3001 54
3002 54
3003 54
3004 54
3010 15
3011 15
3012 15
3013 15
3014 15
3016 15
3017 15
3018 15
3019 15
3005 10
3006 10
3007 10
3008 10
3009 10
3011 10
3012 10
3013 10
3014 10
3020 21
3021 21
3022 21
3023 21
3024 21
3026 21
3027 21
3028 21
3029 21
3015 22
3016 22
3017 22
3018 22
3019 22
3021 22
3022 22
3023 22
3024 22
3030 18
3031 18
3032 18
3033 18
3034 18
3036 18
3037 18
3038 18
3039 18
3025 24
3026 24
3027 24
3028 24
3029 24
3031 24
3032 24
3033 24
3034 24
3040 6
3041 6
3042 6
3043 6
3044 6
3046 6
3047 6
3048 6
3049 6
3035 11
3036 11
3037 11
3038 11
3039 11
3041 11
3042 11
3043 11
3044 11
3050 30
3051 30
3052 30
3053 30
3054 30
3056 30
3057 30
3058 30
3059 30
3045 3
3046 3
3047 3
3048 3
3049 3
3051 3
3052 3
3053 3
3054 3
3060 25
3061 25
3062 25
3063 25
3064 25
3066 25
3067 25
3068 25
3069 25
3055 18
3056 18
3057 18
3058 18
3059 18
3061 18
3062 18
3063 18
3064 18
3070 34
3071 34
3072 34
3073 34
3074 34
3076 34
3077 34
3078 34
3079 34
3065 26
3066 26
3067 26
3068 26
3069 26
3071 26
3072 26
3073 26
3074 26
3080 29
3081 29
3082 29
3083 29
3084 29
3086 29
3087 29
3088 29
3089 29
3075 30
3076 30
3077 30
3078 30
3079 30
3081 30
3082 30
3083 30
3084 30
3090 30
3091 30
3092 30
3093 30
3094 30
3096 30
3097 30
3098 30
3099 30
3085 34
3086 34
3087 34
3088 34
3089 34
3091 34
3092 34
3093 34
3094 34
3100 27
3101 27
3102 27
3103 27
3104 27
3106 27
3107 27
3108 27
3109 27
3095 32
3096 32
3097 32
3098 32
3099 32
3101 32
3102 32
3103 32
3104 32
3110 20
3111 20
3112 20
3113 20
3114 20
3116 20
3117 20
3118 20
3119 20
3105 20
3106 20
3107 20
3108 20
3109 20
3111 20
3112 20
3113 20
3114 20
3120 38
3121 38
3122 38
3123 38
3124 38
3126 38
3127 38
3128 38
3129 38
3115 20
3116 20
3117 20
3118 20
3119 20
3121 20
3122 20
3123 20
3124 20
3130 24
3131 24
3132 24
3133 24
3134 24
3136 24
3137 24
3138 24
3139 24
3125 60
3126 60
3127 60
3128 60
3129 60
3131 60
3132 60
3133 60
3134 60
3140 25
3141 25
3142 25
3143 25
3144 25
3146 25
3147 25
3148 25
3149 25
3135 33
3136 33
3137 33
3138 33
3139 33
3141 33
3142 33
3143 33
3144 33
3150 19
3151 19
3152 19
3153 19
3154 19
3156 19
3157 19
3158 19
3159 19
3145 15
3146 15
3147 15
3148 15
3149 15
3151 15
3152 15
3153 15
3154 15
3160 28
3161 28
3162 28
3163 28
3164 28
3166 28
3167 28
3168 28
3169 28
3155 17
3156 17
3157 17
3158 17
3159 17
3161 17
3162 17
3163 17
3164 17
3170 29
3171 29
3172 29
3173 29
3174 29
3176 29
3177 29
3178 29
3179 29
3165 42
3166 42
3167 42
3168 42
3169 42
3171 42
3172 42
3173 42
3174 42
3180 20
3181 20
3182 20
3183 20
3184 20
3186 20
3187 20
3188 20
3189 20
3175 24
3176 24
3177 24
3178 24
3179 24
3181 24
3182 24
3183 24
3184 24
3190 24
3191 24
3192 24
3193 24
3194 24
3196 24
3197 24
3198 24
3199 24
3185 28
3186 28
3187 28
3188 28
3189 28
3191 28
3192 28
3193 28
3194 28
3200 17
3201 17
3202 17
3203 17
3204 17
3206 17
3207 17
3208 17
3209 17
3195 19
3196 19
3197 19
3198 19
3199 19
3201 19
3202 19
3203 19
3204 19
3210 30
3211 30
3212 30
3213 30
3214 30
3216 30
3217 30
3218 30
3219 30
3205 13
3206 13
3207 13
3208 13
3209 13
3211 13
3212 13
3213 13
3214 13
3220 37
3221 37
3222 37
3223 37
3224 37
3226 37
3227 37
3228 37
3229 37
3215 71
3216 71
3217 71
3218 71
3219 71
3221 71
3222 71
3223 71
3224 71
3230 25
3231 25
3232 25
3233 25
3234 25
3236 25
3237 25
3238 25
3239 25
3225 10
3226 10
3227 10
3228 10
3229 10
3231 10
3232 10
3233 10
3234 10
3240 46
3241 46
3242 46
3243 46
3244 46
3246 46
3247 46
3248 46
3249 46
3235 29
3236 29
3237 29
3238 29
3239 29
3241 29
3242 29
3243 29
3244 29
3250 73
3251 73
3252 73
3253 73
3254 73
3256 73
3257 73
3258 73
3259 73
3245 42
3246 42
3247 42
3248 42
3249 42
3251 42
3252 42
3253 42
3254 42
3260 62
3261 62
3262 62
3263 62
3264 62
3266 62
3267 62
3268 62
3269 62
3255 77
3256 77
3257 77
3258 77
3259 77
3261 77
3262 77
3263 77
3264 77
3270 10
3271 10
3272 10
3273 10
3274 10
3276 10
3277 10
3278 10
3279 10
3265 8
3266 8
3267 8
3268 8
3269 8
3271 8
3272 8
3273 8
3274 8
3280 14
3281 14
3282 14
3283 14
3284 14
3286 14
3287 14
3288 14
3289 14
3275 17
3276 17
3277 17
3278 17
3279 17
3281 17
3282 17
3283 17
3284 17
3290 19
3291 19
3292 19
3293 19
3294 19
3296 19
3297 19
3298 19
3299 19
3285 8
3286 8
3287 8
3288 8
3289 8
3291 8
3292 8
3293 8
3294 8
3300 16
3301 16
3302 16
3303 16
3304 16
3306 16
3307 16
3308 16
3309 16
3295 17
3296 17
3297 17
3298 17
3299 17
3301 17
3302 17
3303 17
3304 17
3310 16
3311 16
3312 16
3313 16
3314 16
3316 16
3317 16
3318 16
3319 16
3305 16
3306 16
3307 16
3308 16
3309 16
3311 16
3312 16
3313 16
3314 16
3320 9
3321 9
3322 9
3323 9
3324 9
3326 9
3327 9
3328 9
3329 9
3315 11
3316 11
3317 11
3318 11
3319 11
3321 11
3322 11
3323 11
3324 11
3330 15
3331 15
3332 15
3333 15
3334 15
3336 15
3337 15
3338 15
3339 15
3325 12
3326 12
3327 12
3328 12
3329 12
3331 12
3332 12
3333 12
3334 12
3340 14
3341 14
3342 14
3343 14
3344 14
3346 14
3347 14
3348 14
3349 14
3335 40
3336 40
3337 40
3338 40
3339 40
3341 40
3342 40
3343 40
3344 40
3350 7
3351 7
3352 7
3353 7
3354 7
3356 7
3357 7
3358 7
3359 7
3345 17
3346 17
3347 17
3348 17
3349 17
3351 17
3352 17
3353 17
3354 17
3360 18
3361 18
3362 18
3363 18
3364 18
3366 18
3367 18
3368 18
3369 18
3355 14
3356 14
3357 14
3358 14
3359 14
3361 14
3362 14
3363 14
3364 14
3370 31
3371 31
3372 31
3373 31
3374 31
3376 31
3377 31
3378 31
3379 31
3365 19
3366 19
3367 19
3368 19
3369 19
3371 19
3372 19
3373 19
3374 19
3380 10
3381 10
3382 10
3383 10
3384 10
3386 10
3387 10
3388 10
3389 10
3375 28
3376 28
3377 28
3378 28
3379 28
3381 28
3382 28
3383 28
3384 28
3390 10
3391 10
3392 10
3393 10
3394 10
3396 10
3397 10
3398 10
3399 10
3385 11
3386 11
3387 11
3388 11
3389 11
3391 11
3392 11
3393 11
3394 11
3400 19
3401 19
3402 19
3403 19
3404 19
3406 19
3407 19
3408 19
3409 19
3395 18
3396 18
3397 18
3398 18
3399 18
3401 18
3402 18
3403 18
3404 18
3410 61
3411 61
3412 61
3413 61
3414 61
3416 61
3417 61
3418 61
3419 61
3405 65
3406 65
3407 65
3408 65
3409 65
3411 65
3412 65
3413 65
3414 65
3420 61
3421 61
3422 61
3423 61
3424 61
3426 61
3427 61
3428 61
3429 61
3415 68
3416 68
3417 68
3418 68
3419 68
3421 68
3422 68
3423 68
3424 68
3430 60
3431 60
3432 60
3433 60
3434 60
3436 60
3437 60
3438 60
3439 60
3425 57
3426 57
3427 57
3428 57
3429 57
3431 57
3432 57
3433 57
3434 57
3440 65
3441 65
3442 65
3443 65
3444 65
3446 65
3447 65
3448 65
3449 65
3435 69
3436 69
3437 69
3438 69
3439 69
3441 69
3442 69
3443 69
3444 69
3450 81
3451 81
3452 81
3453 81
3454 81
3456 81
3457 81
3458 81
3459 81
3445 78
3446 78
3447 78
3448 78
3449 78
3451 78
3452 78
3453 78
3454 78
3460 92
3461 92
3462 92
3463 92
3464 92
3466 92
3467 92
3468 92
3469 92
3455 73
3456 73
3457 73
3458 73
3459 73
3461 73
3462 73
3463 73
3464 73
3470 13
3471 13
3472 13
3473 13
3474 13
3476 13
3477 13
3478 13
3479 13
3465 15
3466 15
3467 15
3468 15
3469 15
3471 15
3472 15
3473 15
3474 15
3480 44
3481 44
3482 44
3483 44
3484 44
3486 44
3487 44
3488 44
3489 44
3475 26
3476 26
3477 26
3478 26
3479 26
3481 26
3482 26
3483 26
3484 26
3490 28
3491 28
3492 28
3493 28
3494 28
3496 28
3497 28
3498 28
3499 28
3485 20
3486 20
3487 20
3488 20
3489 20
3491 20
3492 20
3493 20
3494 20
3500 59
3501 59
3502 59
3503 59
3504 59
3506 59
3507 59
3508 59
3509 59
3495 29
3496 29
3497 29
3498 29
3499 29
3501 29
3502 29
3503 29
3504 29
3510 71
3511 71
3512 71
3513 71
3514 71
3516 71
3517 71
3518 71
3519 71
3505 72
3506 72
3507 72
3508 72
3509 72
3511 72
3512 72
3513 72
3514 72
3520 17
3521 17
3522 17
3523 17
3524 17
3526 17
3527 17
3528 17
3529 17
3515 90
3516 90
3517 90
3518 90
3519 90
3521 90
3522 90
3523 90
3524 90
3530 17
3531 17
3532 17
3533 17
3534 17
3536 17
3537 17
3538 17
3539 17
3525 13
3526 13
3527 13
3528 13
3529 13
3531 13
3532 13
3533 13
3534 13
3540 24
3541 24
3542 24
3543 24
3544 24
3546 24
3547 24
3548 24
3549 24
3535 20
3536 20
3537 20
3538 20
3539 20
3541 20
3542 20
3543 20
3544 20
3550 21
3551 21
3552 21
3553 21
3554 21
3556 21
3557 21
3558 21
3559 21
3545 27
3546 27
3547 27
3548 27
3549 27
3551 27
3552 27
3553 27
3554 27
3560 33
3561 33
3562 33
3563 33
3564 33
3566 33
3567 33
3568 33
3569 33
3555 31
3556 31
3557 31
3558 31
3559 31
3561 31
3562 31
3563 31
3564 31
3570 47
3571 47
3572 47
3573 47
3574 47
3576 47
3577 47
3578 47
3579 47
3565 41
3566 41
3567 41
3568 41
3569 41
3571 41
3572 41
3573 41
3574 41
3580 26
3581 26
3582 26
3583 26
3584 26
3586 26
3587 26
3588 26
3589 26
3575 44
3576 44
3577 44
3578 44
3579 44
3581 44
3582 44
3583 44
3584 44
3590 28
3591 28
3592 28
3593 28
3594 28
3596 28
3597 28
3598 28
3599 28
3585 41
3586 41
3587 41
3588 41
3589 41
3591 41
3592 41
3593 41
3594 41
3600 30
3601 30
3602 30
3603 30
3604 30
3606 30
3607 30
3608 30
3609 30
3595 30
3596 30
3597 30
3598 30
3599 30
3601 30
3602 30
3603 30
3604 30
3610 17
3611 17
3612 17
3613 17
3614 17
3616 17
3617 17
3618 17
3619 17
3605 21
3606 21
3607 21
3608 21
3609 21
3611 21
3612 21
3613 21
3614 21
3620 18
3621 18
3622 18
3623 18
3624 18
3626 18
3627 18
3628 18
3629 18
3615 20
3616 20
3617 20
3618 20
3619 20
3621 20
3622 20
3623 20
3624 20
3630 14
3631 14
3632 14
3633 14
3634 14
3636 14
3637 14
3638 14
3639 14
3625 15
3626 15
3627 15
3628 15
3629 15
3631 15
3632 15
3633 15
3634 15
3640 14
3641 14
3642 14
3643 14
3644 14
3646 14
3647 14
3648 14
3649 14
3635 17
3636 17
3637 17
3638 17
3639 17
3641 17
3642 17
3643 17
3644 17
3650 16
3651 16
3652 16
3653 16
3654 16
3656 16
3657 16
3658 16
3659 16
3645 10
3646 10
3647 10
3648 10
3649 10
3651 10
3652 10
3653 10
3654 10
3660 29
3661 29
3662 29
3663 29
3664 29
3666 29
3667 29
3668 29
3669 29
3655 31
3656 31
3657 31
3658 31
3659 31
3661 31
3662 31
3663 31
3664 31
3670 12
3671 12
3672 12
3673 12
3674 12
3676 12
3677 12
3678 12
3679 12
3665 12
3666 12
3667 12
3668 12
3669 12
3671 12
3672 12
3673 12
3674 12
3680 36
3681 36
3682 36
3683 36
3684 36
3686 36
3687 36
3688 36
3689 36
3675 18
3676 18
3677 18
3678 18
3679 18
3681 18
3682 18
3683 18
3684 18
3690 18
3691 18
3692 18
3693 18
3694 18
3696 18
3697 18
3698 18
3699 18
3685 37
3686 37
3687 37
3688 37
3689 37
3691 37
3692 37
3693 37
3694 37
3700 19
3701 19
3702 19
3703 19
3704 19
3706 19
3707 19
3708 19
3709 19
3695 9
3696 9
3697 9
3698 9
3699 9
3701 9
3702 9
3703 9
3704 9
3710 21
3711 21
3712 21
3713 21
3714 21
3716 21
3717 21
3718 21
3719 21
3705 40
3706 40
3707 40
3708 40
3709 40
3711 40
3712 40
3713 40
3714 40
3720 11
3721 11
3722 11
3723 11
3724 11
3726 11
3727 11
3728 11
3729 11
3715 16
3716 16
3717 16
3718 16
3719 16
3721 16
3722 16
3723 16
3724 16
3730 64
3731 64
3732 64
3733 64
3734 64
3736 64
3737 64
3738 64
3739 64
3725 7
3726 7
3727 7
3728 7
3729 7
3731 7
3732 7
3733 7
3734 7
3740 63
3741 63
3742 63
3743 63
3744 63
3746 63
3747 63
3748 63
3749 63
3735 51
3736 51
3737 51
3738 51
3739 51
3741 51
3742 51
3743 51
3744 51
3750 19
3751 19
3752 19
3753 19
3754 19
3756 19
3757 19
3758 19
3759 19
3745 108
3746 108
3747 108
3748 108
3749 108
3751 108
3752 108
3753 108
3754 108
3760 22
3761 22
3762 22
3763 22
3764 22
3766 22
3767 22
3768 22
3769 22
3755 40
3756 40
3757 40
3758 40
3759 40
3761 40
3762 40
3763 40
3764 40
3770 99
3771 99
3772 99
3773 99
3774 99
3776 99
3777 99
3778 99
3779 99
3765 45
3766 45
3767 45
3768 45
3769 45
3771 45
3772 45
3773 45
3774 45
3780 55
3781 55
3782 55
3783 55
3784 55
3786 55
3787 55
3788 55
3789 55
3775 61
3776 61
3777 61
3778 61
3779 61
3781 61
3782 61
3783 61
3784 61
3790 37
3791 37
3792 37
3793 37
3794 37
3796 37
3797 37
3798 37
3799 37
3785 60
3786 60
3787 60
3788 60
3789 60
3791 60
3792 60
3793 60
3794 60
3800 79
3801 79
3802 79
3803 79
3804 79
3806 79
3807 79
3808 79
3809 79
3795 67
3796 67
3797 67
3798 67
3799 67
3801 67
3802 67
3803 67
3804 67
3810 212
3811 212
3812 212
3813 212
3814 212
3816 212
3817 212
3818 212
3819 212
3805 196
3806 196
3807 196
3808 196
3809 196
3811 196
3812 196
3813 196
3814 196
3820 260
3821 260
3822 260
3823 260
3824 260
3826 260
3827 260
3828 260
3829 260
3815 230
3816 230
3817 230
3818 230
3819 230
3821 230
3822 230
3823 230
3824 230
3830 260
3831 260
3832 260
3833 260
3834 260
3836 260
3837 260
3838 260
3839 260
3825 260
3826 260
3827 260
3828 260
3829 260
3831 260
3832 260
3833 260
3834 260
3840 188
3841 188
3842 188
3843 188
3844 188
3846 188
3847 188
3848 188
3849 188
3835 241
3836 241
3837 241
3838 241
3839 241
3841 241
3842 241
3843 241
3844 241
3850 194
3851 194
3852 194
3853 194
3854 194
3856 194
3857 194
3858 194
3859 194
3845 214
3846 214
3847 214
3848 214
3849 214
3851 214
3852 214
3853 214
3854 214
3860 234
3861 234
3862 234
3863 234
3864 234
3866 234
3867 234
3868 234
3869 234
3855 167
3856 167
3857 167
3858 167
3859 167
3861 167
3862 167
3863 167
3864 167
3870 437
3871 437
3872 437
3873 437
3874 437
3876 437
3877 437
3878 437
3879 437
3865 206
3866 206
3867 206
3868 206
3869 206
3871 206
3872 206
3873 206
3874 206
3880 513
3881 513
3882 513
3883 513
3884 513
3886 513
3887 513
3888 513
3889 513
3875 454
3876 454
3877 454
3878 454
3879 454
3881 454
3882 454
3883 454
3884 454
3890 412
3891 412
3892 412
3893 412
3894 412
3896 412
3897 412
3898 412
3899 412
3885 487
3886 487
3887 487
3888 487
3889 487
3891 487
3892 487
3893 487
3894 487
3900 374
3901 374
3902 374
3903 374
3904 374
3906 374
3907 374
3908 374
3909 374
3895 392
3896 392
3897 392
3898 392
3899 392
3901 392
3902 392
3903 392
3904 392
3910 396
3911 396
3912 396
3913 396
3914 396
3916 396
3917 396
3918 396
3919 396
3905 383
3906 383
3907 383
3908 383
3909 383
3911 383
3912 383
3913 383
3914 383
3920 207
3921 207
3922 207
3923 207
3924 207
3926 207
3927 207
3928 207
3929 207
3915 320
3916 320
3917 320
3918 320
3919 320
3921 320
3922 320
3923 320
3924 320
3930 487
3931 487
3932 487
3933 487
3934 487
3936 487
3937 487
3938 487
3939 487
3925 437
3926 437
3927 437
3928 437
3929 437
3931 437
3932 437
3933 437
3934 437
3940 396
3941 396
3942 396
3943 396
3944 396
3946 396
3947 396
3948 396
3949 396
3935 380
3936 380
3937 380
3938 380
3939 380
3941 380
3942 380
3943 380
3944 380
3950 477
3951 477
3952 477
3953 477
3954 477
3956 477
3957 477
3958 477
3959 477
3945 442
3946 442
3947 442
3948 442
3949 442
3951 442
3952 442
3953 442
3954 442
3960 557
3961 557
3962 557
3963 557
3964 557
3966 557
3967 557
3968 557
3969 557
3955 551
3956 551
3957 551
3958 551
3959 551
3961 551
3962 551
3963 551
3964 551
3970 459
3971 459
3972 459
3973 459
3974 459
3976 459
3977 459
3978 459
3979 459
3965 485
3966 485
3967 485
3968 485
3969 485
3971 485
3972 485
3973 485
3974 485
3980 454
3981 454
3982 454
3983 454
3984 454
3986 454
3987 454
3988 454
3989 454
3975 567
3976 567
3977 567
3978 567
3979 567
3981 567
3982 567
3983 567
3984 567
3990 482
3991 482
3992 482
3993 482
3994 482
3996 482
3997 482
3998 482
3999 482
3985 613
3986 613
3987 613
3988 613
3989 613
3991 613
3992 613
3993 613
3994 613
4000 448
4001 448
4002 448
4003 448
4004 448
4006 448
4007 448
4008 448
4009 448
3995 448
3996 448
3997 448
3998 448
3999 448
4001 448
4002 448
4003 448
4004 448
4010 510
4011 510
4012 510
4013 510
4014 510
4016 510
4017 510
4018 510
4019 510
4005 437
4006 437
4007 437
4008 437
4009 437
4011 437
4012 437
4013 437
4014 437
4020 232
4021 232
4022 232
4023 232
4024 232
4026 232
4027 232
4028 232
4029 232
4015 519
4016 519
4017 519
4018 519
4019 519
4021 519
4022 519
4023 519
4024 519
4030 465
4031 465
4032 465
4033 465
4034 465
4036 465
4037 465
4038 465
4039 465
4025 508
4026 508
4027 508
4028 508
4029 508
4031 508
4032 508
4033 508
4034 508
4040 501
4041 501
4042 501
4043 501
4044 501
4046 501
4047 501
4048 501
4049 501
4035 384
4036 384
4037 384
4038 384
4039 384
4041 384
4042 384
4043 384
4044 384
4050 534
4051 534
4052 534
4053 534
4054 534
4056 534
4057 534
4058 534
4059 534
4045 535
4046 535
4047 535
4048 535
4049 535
4051 535
4052 535
4053 535
4054 535
4060 360
4061 360
4062 360
4063 360
4064 360
4066 360
4067 360
4068 360
4069 360
4055 398
4056 398
4057 398
4058 398
4059 398
4061 398
4062 398
4063 398
4064 398
4070 121
4071 121
4072 121
4073 121
4074 121
4076 121
4077 121
4078 121
4079 121
4065 221
4066 221
4067 221
4068 221
4069 221
4071 221
4072 221
4073 221
4074 221
4080 458
4081 458
4082 458
4083 458
4084 458
4086 458
4087 458
4088 458
4089 458
4075 491
4076 491
4077 491
4078 491
4079 491
4081 491
4082 491
4083 491
4084 491
4090 351
4091 351
4092 351
4093 351
4094 351
4096 351
4097 351
4098 351
4099 351
4085 543
4086 543
4087 543
4088 543
4089 543
4091 543
4092 543
4093 543
4094 543
4100 264
4101 264
4102 264
4103 264
4104 264
4106 264
4107 264
4108 264
4109 264
4095 453
4096 453
4097 453
4098 453
4099 453
4101 453
4102 453
4103 453
4104 453
4110 319
4111 319
4112 319
4113 319
4114 319
4116 319
4117 319
4118 319
4119 319
4105 341
4106 341
4107 341
4108 341
4109 341
4111 341
4112 341
4113 341
4114 341
4120 343
4121 343
4122 343
4123 343
4124 343
4126 343
4127 343
4128 343
4129 343
4115 416
4116 416
4117 416
4118 416
4119 416
4121 416
4122 416
4123 416
4124 416
4130 402
4131 402
4132 402
4133 402
4134 402
4136 402
4137 402
4138 402
4139 402
4125 350
4126 350
4127 350
4128 350
4129 350
4131 350
4132 350
4133 350
4134 350
4140 379
4141 379
4142 379
4143 379
4144 379
4146 379
4147 379
4148 379
4149 379
4135 305
4136 305
4137 305
4138 305
4139 305
4141 305
4142 305
4143 305
4144 305
4150 381
4151 381
4152 381
4153 381
4154 381
4156 381
4157 381
4158 381
4159 381
4145 423
4146 423
4147 423
4148 423
4149 423
4151 423
4152 423
4153 423
4154 423
4160 509
4161 509
4162 509
4163 509
4164 509
4166 509
4167 509
4168 509
4169 509
4155 456
4156 456
4157 456
4158 456
4159 456
4161 456
4162 456
4163 456
4164 456
4170 509
4171 509
4172 509
4173 509
4174 509
4176 509
4177 509
4178 509
4179 509
4165 446
4166 446
4167 446
4168 446
4169 446
4171 446
4172 446
4173 446
4174 446
4180 441
4181 441
4182 441
4183 441
4184 441
4186 441
4187 441
4188 441
4189 441
4175 468
4176 468
4177 468
4178 468
4179 468
4181 468
4182 468
4183 468
4184 468
4190 499
4191 499
4192 499
4193 499
4194 499
4196 499
4197 499
4198 499
4199 499
4185 450
4186 450
4187 450
4188 450
4189 450
4191 450
4192 450
4193 450
4194 450
4200 522
4201 522
4202 522
4203 522
4204 522
4206 522
4207 522
4208 522
4209 522
4195 448
4196 448
4197 448
4198 448
4199 448
4201 448
4202 448
4203 448
4204 448
4210 508
4211 508
4212 508
4213 508
4214 508
4216 508
4217 508
4218 508
4219 508
4205 524
4206 524
4207 524
4208 524
4209 524
4211 524
4212 524
4213 524
4214 524
4220 416
4221 416
4222 416
4223 416
4224 416
4226 416
4227 416
4228 416
4229 416
4215 505
4216 505
4217 505
4218 505
4219 505
4221 505
4222 505
4223 505
4224 505
4230 215
4231 215
4232 215
4233 215
4234 215
4236 215
4237 215
4238 215
4239 215
4225 371
4226 371
4227 371
4228 371
4229 371
4231 371
4232 371
4233 371
4234 371
4240 403
4241 403
4242 403
4243 403
4244 403
4246 403
4247 403
4248 403
4249 403
4235 493
4236 493
4237 493
4238 493
4239 493
4241 493
4242 493
4243 493
4244 493
4250 366
4251 366
4252 366
4253 366
4254 366
4256 366
4257 366
4258 366
4259 366
4245 391
4246 391
4247 391
4248 391
4249 391
4251 391
4252 391
4253 391
4254 391
4260 417
4261 417
4262 417
4263 417
4264 417
4266 417
4267 417
4268 417
4269 417
4255 362
4256 362
4257 362
4258 362
4259 362
4261 362
4262 362
4263 362
4264 362
4270 458
4271 458
4272 458
4273 458
4274 458
4276 458
4277 458
4278 458
4279 458
4265 379
4266 379
4267 379
4268 379
4269 379
4271 379
4272 379
4273 379
4274 379
4280 348
4281 348
4282 348
4283 348
4284 348
4286 348
4287 348
4288 348
4289 348
4275 419
4276 419
4277 419
4278 419
4279 419
4281 419
4282 419
4283 419
4284 419
4290 388
4291 388
4292 388
4293 388
4294 388
4296 388
4297 388
4298 388
4299 388
4285 322
4286 322
4287 322
4288 322
4289 322
4291 322
4292 322
4293 322
4294 322
4300 222
4301 222
4302 222
4303 222
4304 222
4306 222
4307 222
4308 222
4309 222
4295 317
4296 317
4297 317
4298 317
4299 317
4301 317
4302 317
4310 266
4303 317
4311 266
4304 317
4312 266
4313 266
4314 266
4316 266
4317 266
4318 266
4319 266
4305 292
4306 292
4307 292
4308 292
4309 292
4311 292
4320 152
4312 292
4321 152
4313 292
4322 152
4314 292
4323 152
4324 152
4326 152
4327 152
4328 152
4329 152
4315 308
4316 308
4317 308
4318 308
4319 308
4330 388
4321 308
4331 388
4322 308
4332 388
4323 308
4333 388
4324 308
4334 388
4336 388
4337 388
4338 388
4339 388
4325 264
4326 264
4327 264
4328 264
4329 264
4340 318
4331 264
4341 318
4332 264
4342 318
4333 264
4343 318
4334 264
4344 318
4346 318
4347 318
4348 318
4349 318
4335 348
4336 348
4337 348
4338 348
4339 348
4350 446
4351 446
4341 348
4352 446
4342 348
4353 446
4343 348
4354 446
4344 348
4356 446
4357 446
4358 446
4359 446
4345 444
4346 444
4347 444
4348 444
4349 444
4360 408
4361 408
4351 444
4362 408
4352 444
4363 408
4353 444
4364 408
4354 444
4366 408
4367 408
4368 408
4369 408
4355 377
4356 377
4357 377
4358 377
4359 377
4361 377
4362 377
4363 377
4370 341
4364 377
4371 341
4372 341
4373 341
4374 341
4376 341
4377 341
4378 341
4379 341
4365 384
4366 384
4367 384
4368 384
4369 384
4371 384
4372 384
4373 384
4380 323
4374 384
4381 323
4382 323
4383 323
4384 323
4386 323
4387 323
4388 323
4389 323
4375 310
4376 310
4377 310
4378 310
4379 310
4381 310
4382 310
4390 186
4383 310
4391 186
4384 310
4392 186
4393 186
4394 186
4396 186
4397 186
4398 186
4399 186
4385 226
4386 226
4387 226
4388 226
4389 226
4391 226
4392 226
4400 107
4393 226
4401 107
4394 226
4402 107
4403 107
4404 107
4406 107
4407 107
4408 107
4409 107
4395 112
4396 112
4397 112
4398 112
4399 112
4401 112
4410 6
4402 112
4411 6
4403 112
4412 6
4404 112
4413 6
4414 6
4416 6
4417 6
4418 6
4419 6
4405 31
4406 31
4407 31
4408 31
4409 31
4411 31
4420 5
4412 31
4421 5
4413 31
4422 5
4414 31
4423 5
4424 5
4426 5
4427 5
4428 5
4429 5
4415 9
4416 9
4417 9
4418 9
4419 9
4430 2
4421 9
4431 2
4422 9
4432 2
4423 9
4433 2
4424 9
4434 2
4436 2
4437 2
4438 2
4439 2
4425 4
4426 4
4427 4
4428 4
4429 4
4440 8
4431 4
4441 8
4432 4
4442 8
4433 4
4443 8
4434 4
4444 8
4446 8
4447 8
4448 8
4449 8
4435 5
4436 5
4437 5
4438 5
4439 5
4450 24
4441 5
4451 24
4442 5
4452 24
4443 5
4453 24
4444 5
4454 24
4456 24
4457 24
4458 24
4459 24
4445 6
4446 6
4447 6
4448 6
4449 6
4460 17
4451 6
4461 17
4452 6
4462 17
4453 6
4463 17
4464 17
4454 6
4466 17
4467 17
4468 17
4469 17
4455 27
4456 27
4457 27
4458 27
4459 27
4470 16
4471 16
4461 27
4472 16
4462 27
4473 16
4463 27
4474 16
4464 27
4476 16
4477 16
4478 16
4479 16
4465 15
4466 15
4467 15
4468 15
4469 15
4480 18
4481 18
4471 15
4482 18
4472 15
4483 18
4473 15
4484 18
4474 15
4486 18
4487 18
4488 18
4489 18
4475 17
4476 17
4477 17
4478 17
4490 35
4479 17
4491 35
4492 35
4481 17
4493 35
4482 17
4494 35
4483 17
4484 17
4496 35
4497 35
4498 35
4499 35
4485 17
4486 17
4487 17
4488 17
4500 11
4489 17
4501 11
4502 11
4491 17
4503 11
4492 17
4493 17
4504 11
4494 17
4506 11
4507 11
4508 11
4509 11
4495 17
4496 17
4497 17
4498 17
4510 18
4499 17
4511 18
4512 18
4501 17
4513 18
4502 17
4514 18
4503 17
4504 17
4516 18
4517 18
4518 18
4519 18
4505 13
4506 13
4507 13
4508 13
4520 29
4509 13
4521 29
4522 29
4511 13
4523 29
4512 13
4524 29
4513 13
4514 13
4526 29
4527 29
4528 29
4529 29
4515 24
4516 24
4517 24
4518 24
4530 58
4519 24
4531 58
4532 58
4521 24
4533 58
4522 24
4534 58
4523 24
4524 24
4536 58
4537 58
4538 58
4539 58
4525 47
4526 47
4527 47
4528 47
4540 135
4529 47
4541 135
4542 135
4531 47
4543 135
4532 47
4544 135
4533 47
4534 47
4546 135
4547 135
4548 135
4549 135
4535 85
4536 85
4537 85
4538 85
4550 213
4539 85
4551 213
4541 85
4552 213
4542 85
4553 213
4543 85
4554 213
4544 85
4556 213
4557 213
4558 213
4559 213
4545 183
4546 183
4547 183
4548 183
4549 183
4560 147
4561 147
4551 183
4562 147
4552 183
4563 147
4553 183
4564 147
4554 183
4566 147
4567 147
4568 147
4569 147
4555 153
4556 153
4557 153
4558 153
4559 153
4570 67
4571 67
4561 153
4572 67
4562 153
4573 67
4563 153
4574 67
4564 153
4576 67
4577 67
4578 67
4579 67
4565 135
4566 135
4567 135
4568 135
4580 101
4569 135
4581 101
4582 101
4571 135
4583 101
4572 135
4584 101
4573 135
4586 101
4574 135
4587 101
4588 101
4589 101
4575 90
4576 90
4577 90
4590 203
4578 90
4591 203
4579 90
4592 203
4593 203
4581 90
4594 203
4582 90
4583 90
4596 203
4584 90
4597 203
4598 203
4599 203
4585 165
4586 165
4587 165
4600 218
4588 165
4601 218
4589 165
4602 218
4603 218
4591 165
4604 218
4592 165
4593 165
4606 218
4594 165
4607 218
4608 218
4609 218
4595 191
4596 191
4610 145
4597 191
4598 191
4611 145
4599 191
4612 145
4613 145
4614 145
4601 191
4602 191
4616 145
4603 191
4617 145
4604 191
4618 145
4619 145
4605 133
4620 30
4606 133
4621 30
4607 133
4622 30
4608 133
4623 30
4609 133
4624 30
4611 133
4626 30
4612 133
4627 30
4613 133
4628 30
4614 133
4629 30
4615 67
4616 67
4617 67
4618 67
4619 67
4630 28
4631 28
4621 67
4632 28
4622 67
4633 28
4623 67
4634 28
4624 67
4636 28
4637 28
4638 28
4639 28
4625 19
4626 19
4627 19
4628 19
4629 19
4640 50
4641 50
4631 19
4642 50
4632 19
4643 50
4633 19
4644 50
4634 19
4646 50
4647 50
4648 50
4649 50
4635 31
4636 31
4637 31
4638 31
4650 125
4639 31
4651 125
4641 31
4652 125
4653 125
4642 31
4654 125
4643 31
4644 31
4656 125
4657 125
4658 125
4659 125
4645 87
4646 87
4647 87
4648 87
4660 206
4649 87
4661 206
4662 206
4651 87
4663 206
4664 206
4652 87
4653 87
4666 206
4654 87
4667 206
4668 206
4669 206
4655 166
4656 166
4657 166
4670 241
4658 166
4671 241
4659 166
4672 241
4673 241
4661 166
4674 241
4662 166
4676 241
4663 166
4677 241
4664 166
4678 241
4679 241
4665 226
4666 226
4667 226
4668 226
4669 226
4671 226
4680 224
4672 226
4681 224
4673 226
4682 224
4674 226
4683 224
4684 224
4686 224
4687 224
4688 224
4689 224
4675 183
4676 183
4677 183
4678 183
4679 183
4690 154
4681 183
4691 154
4682 183
4692 154
4683 183
4693 154
4684 183
4694 154
4696 154
4697 154
4698 154
4699 154
4685 155
4686 155
4687 155
4688 155
4689 155
4700 78
4701 78
4691 155
4702 78
4692 155
4703 78
4693 155
4704 78
4694 155
4706 78
4707 78
4708 78
4709 78
4695 111
4696 111
4697 111
4698 111
4710 14
4699 111
4711 14
4701 111
4712 14
4702 111
4713 14
4714 14
4703 111
4704 111
4716 14
4717 14
4718 14
4719 14
4705 66
4706 66
4707 66
4720 6
4708 66
4721 6
4709 66
4722 6
4723 6
4711 66
4724 6
4712 66
4713 66
4726 6
4714 66
4727 6
4728 6
4729 6
4715 9
4716 9
4730 8
4717 9
4718 9
4731 8
4719 9
4732 8
4733 8
4734 8
4721 9
4722 9
4736 8
4723 9
4737 8
4724 9
4738 8
4739 8
4725 22
4726 22
4727 22
4728 22
4729 22
4731 22
4740 57
4732 22
4741 57
4733 22
4742 57
4743 57
4734 22
4744 57
4746 57
4747 57
4748 57
4749 57
4735 32
4736 32
4737 32
4738 32
4739 32
4750 30
4741 32
4751 30
4742 32
4752 30
4743 32
4753 30
4744 32
4754 30
4756 30
4757 30
4758 30
4759 30
4745 94
4746 94
4747 94
4748 94
4749 94
4760 25
4751 94
4761 25
4752 94
4762 25
4753 94
4763 25
4754 94
4764 25
4766 25
4767 25
4768 25
4769 25
4755 26
4756 26
4757 26
4758 26
4759 26
4770 19
4771 19
4761 26
4762 26
4772 19
4773 19
4763 26
4774 19
4764 26
4776 19
4777 19
4778 19
4779 19
4765 16
4766 16
4767 16
4768 16
4780 30
4769 16
4781 30
4782 30
4771 16
4783 30
4772 16
4784 30
4773 16
4774 16
4786 30
4787 30
4788 30
4789 30
4775 18
4776 18
4777 18
4790 13
4778 18
4791 13
4779 18
4792 13
4793 13
4781 18
4794 13
4782 18
4783 18
4796 13
4784 18
4797 13
4798 13
4799 13
4785 29
4786 29
4787 29
4800 25
4788 29
4801 25
4789 29
4802 25
4803 25
4791 29
4804 25
4792 29
4793 29
4806 25
4794 29
4807 25
4808 25
4809 25
4795 13
4796 13
4797 13
4810 26
4798 13
4811 26
4799 13
4812 26
4813 26
4801 13
4814 26
4802 13
4803 13
4816 26
4804 13
4817 26
4818 26
4819 26
4805 32
4806 32
4807 32
4820 6
4808 32
4821 6
4809 32
4822 6
4823 6
4811 32
4824 6
4812 32
4826 6
4813 32
4827 6
4814 32
4828 6
4829 6
4815 9
4816 9
4830 36
4817 9
4831 36
4818 9
4832 36
4819 9
4833 36
4821 9
4834 36
4822 9
4836 36
4823 9
4837 36
4824 9
4838 36
4839 36
4825 30
4826 30
4827 30
4840 38
4828 30
4841 38
4829 30
4842 38
4843 38
4831 30
4844 38
4832 30
4846 38
4833 30
4847 38
4834 30
4848 38
4849 38
4835 8
4836 8
4837 8
4850 108
4838 8
4851 108
4839 8
4852 108
4853 108
4841 8
4854 108
4842 8
4843 8
4856 108
4844 8
4857 108
4858 108
4859 108
4845 38
4846 38
4847 38
4860 122
4848 38
4861 122
4849 38
4862 122
4863 122
4851 38
4864 122
4852 38
4853 38
4866 122
4854 38
4867 122
4868 122
4869 122
4855 96
4856 96
4857 96
4870 167
4858 96
4871 167
4859 96
4872 167
4873 167
4861 96
4874 167
4862 96
4863 96
4876 167
4864 96
4877 167
4878 167
4879 167
4865 120
4866 120
4867 120
4880 202
4868 120
4881 202
4869 120
4882 202
4883 202
4871 120
4884 202
4872 120
4873 120
4886 202
4874 120
4887 202
4888 202
4889 202
4875 222
4876 222
4877 222
4890 179
4878 222
4891 179
4879 222
4892 179
4893 179
4881 222
4894 179
4882 222
4883 222
4896 179
4884 222
4897 179
4898 179
4899 179
4885 245
4886 245
4900 106
4887 245
4901 106
4888 245
4902 106
4889 245
4903 106
4904 106
4891 245
4892 245
4906 106
4893 245
4907 106
4894 245
4908 106
4909 106
4895 98
4910 123
4896 98
4897 98
4911 123
4898 98
4912 123
4899 98
4913 123
4914 123
4901 98
4902 98
4916 123
4917 123
4903 98
4918 123
4904 98
4919 123
4905 109
4906 109
4907 109
4908 109
4909 109
4920 175
4911 109
4921 175
4912 109
4922 175
4913 109
4923 175
4914 109
4924 175
4926 175
4927 175
4928 175
4929 175
4915 151
4916 151
4917 151
4918 151
4919 151
4930 204
4931 204
4921 151
4932 204
4922 151
4933 204
4923 151
4934 204
4924 151
4936 204
4937 204
4938 204
4939 204
4925 203
4926 203
4927 203
4940 202
4928 203
4941 202
4929 203
4942 202
4943 202
4931 203
4944 202
4932 203
4933 203
4946 202
4934 203
4947 202
4948 202
4949 202
4935 214
4936 214
4937 214
4950 157
4938 214
4951 157
4939 214
4952 157
4953 157
4941 214
4954 157
4942 214
4943 214
4956 157
4944 214
4957 157
4958 157
4959 157
4945 245
4946 245
4947 245
4960 40
4948 245
4961 40
4949 245
4962 40
4963 40
4951 245
4964 40
4952 245
4953 245
4966 40
4954 245
4967 40
4968 40
4969 40
4955 235
4956 235
4957 235
4970 78
4958 235
4971 78
4959 235
4972 78
4973 78
4961 235
4974 78
4962 235
4963 235
4976 78
4964 235
4977 78
4978 78
4979 78
4965 56
4966 56
4980 176
4967 56
4968 56
4981 176
4969 56
4982 176
4983 176
4984 176
4971 56
4972 56
4986 176
4973 56
4987 176
4974 56
4988 176
4989 176
4975 254
4976 254
4977 254
4978 254
4979 254
4981 254
4990 140
4982 254
4991 140
4983 254
4992 140
4984 254
4993 140
4994 140
4996 140
4997 140
4998 140
4999 140
4985 139
4986 139
4987 139
4988 139
4989 139
4991 139
5000 202
4992 139
5001 202
4993 139
5002 202
4994 139
5003 202
5004 202
5006 202
5007 202
5008 202
5009 202
4995 144
4996 144
4997 144
4998 144
4999 144
5001 144
5010 267
5002 144
5003 144
5011 267
5004 144
5012 267
5013 267
5014 267
5016 267
5017 267
5018 267
5019 267
5005 211
5006 211
5007 211
5008 211
5009 211
5011 211
5020 304
5012 211
5013 211
5021 304
5014 211
5022 304
5023 304
5024 304
5026 304
5027 304
5028 304
5029 304
5015 281
5016 281
5017 281
5018 281
5019 281
5021 281
5022 281
5030 206
5023 281
5031 206
5024 281
5032 206
5033 206
5034 206
5036 206
5037 206
5038 206
5039 206
5025 195
5026 195
5027 195
5028 195
5029 195
5031 195
5032 195
5040 116
5033 195
5041 116
5034 195
5042 116
5043 116
5044 116
5046 116
5047 116
5048 116
5049 116
5035 173
5036 173
5037 173
5038 173
5039 173
5041 173
5042 173
5050 96
5043 173
5051 96
5044 173
5052 96
5053 96
5054 96
5056 96
5057 96
5058 96
5059 96
5045 98
5046 98
5047 98
5048 98
5049 98
5051 98
5060 142
5052 98
5061 142
5053 98
5062 142
5054 98
5063 142
5064 142
5066 142
5067 142
5068 142
5069 142
5055 112
5056 112
5057 112
5058 112
5059 112
5061 112
5070 129
5062 112
5071 129
5063 112
5072 129
5064 112
5073 129
5074 129
5076 129
5077 129
5078 129
5079 129
5065 112
5066 112
5067 112
5068 112
5069 112
5080 139
5071 112
5081 139
5072 112
5082 139
5073 112
5083 139
5074 112
5084 139
5086 139
5087 139
5088 139
5089 139
5075 119
5076 119
5077 119
5078 119
5079 119
5090 171
5081 119
5091 171
5082 119
5092 171
5083 119
5093 171
5084 119
5094 171
5096 171
5097 171
5098 171
5099 171
5085 157
5086 157
5087 157
5088 157
5089 157
5100 117
5101 117
5091 157
5102 117
5092 157
5103 117
5093 157
5104 117
5094 157
5106 117
5107 117
5108 117
5109 117
5095 221
5096 221
5097 221
5098 221
5099 221
5110 106
5111 106
5101 221
5112 106
5102 221
5113 106
5103 221
5114 106
5104 221
5116 106
5117 106
5118 106
5119 106
5105 78
5106 78
5107 78
5108 78
5109 78
5120 110
5121 110
5111 78
5122 110
5112 78
5123 110
5113 78
5124 110
5114 78
5126 110
5127 110
5128 110
5129 110
5115 87
5116 87
5117 87
5118 87
5119 87
5130 161
5131 161
5121 87
5132 161
5122 87
5133 161
5123 87
5134 161
5124 87
5136 161
5137 161
5138 161
5139 161
5125 148
5126 148
5127 148
5128 148
5129 148
5131 148
5132 148
5133 148
5140 122
5134 148
5141 122
5142 122
5143 122
5144 122
5146 122
5147 122
5148 122
5149 122
5135 174
5136 174
5137 174
5138 174
5139 174
5141 174
5142 174
5143 174
5150 163
5144 174
5151 163
5152 163
5153 163
5154 163
5156 163
5157 163
5158 163
5159 163
5145 117
5146 117
5147 117
5148 117
5149 117
5151 117
5152 117
5153 117
5154 117
5160 108
5161 108
5162 108
5163 108
5164 108
5166 108
5167 108
5168 108
5169 108
5155 147
5156 147
5157 147
5158 147
5159 147
5161 147
5162 147
5163 147
5164 147
5170 73
5171 73
5172 73
5173 73
5174 73
5176 73
5177 73
5178 73
5179 73
5165 76
5166 76
5167 76
5168 76
5169 76
5171 76
5172 76
5173 76
5174 76
5180 84
5181 84
5182 84
5183 84
5184 84
5186 84
5187 84
5188 84
5189 84
5175 81
5176 81
5177 81
5178 81
5179 81
5181 81
5182 81
5183 81
5184 81
5190 56
5191 56
5192 56
5193 56
5194 56
5196 56
5197 56
5198 56
5199 56
5185 57
5186 57
5187 57
5188 57
5189 57
5191 57
5192 57
5193 57
5194 57
5200 57
5201 57
5202 57
5203 57
5204 57
5206 57
5207 57
5208 57
5209 57
5195 74
5196 74
5197 74
5198 74
5199 74
5201 74
5202 74
5203 74
5210 55
5204 74
5211 55
5212 55
5213 55
5214 55
5216 55
5217 55
5218 55
5219 55
5205 56
5206 56
5207 56
5208 56
5209 56
5211 56
5212 56
5213 56
5214 56
5220 28
5221 28
5222 28
5223 28
5224 28
5226 28
5227 28
5228 28
5229 28
5215 57
5216 57
5217 57
5218 57
5219 57
5221 57
5222 57
5223 57
5224 57
5230 52
5231 52
5232 52
5233 52
5234 52
5236 52
5237 52
5238 52
5239 52
5225 30
5226 30
5227 30
5228 30
5229 30
5231 30
5232 30
5233 30
5234 30
5240 51
5241 51
5242 51
5243 51
5244 51
5246 51
5247 51
5248 51
5249 51
5235 50
5236 50
5237 50
5238 50
5239 50
5241 50
5242 50
5243 50
5244 50
5250 47
5251 47
5252 47
5253 47
5254 47
5256 47
5257 47
5258 47
5259 47
5245 64
5246 64
5247 64
5248 64
5249 64
5251 64
5252 64
5253 64
5254 64
5260 25
5261 25
5262 25
5263 25
5264 25
5266 25
5267 25
5268 25
5269 25
5255 30
5256 30
5257 30
5258 30
5259 30
5261 30
5262 30
5263 30
5264 30
5270 16
5271 16
5272 16
5273 16
5265 9
5266 9
5267 9
5268 9
5269 9
5271 9
5272 9
5273 9
